This file contains any messages produced by compilers while
running configure, to aid debugging if configure makes a mistake.

It was created by asio configure 1.24.0, which was
generated by GNU Autoconf 2.71.  Invocation command line was

  $ ../configure --prefix=/home/yacine/zero/install --host=aarch64-linux-gnu --includedir=/home/yacine/qnx710/target/qnx7/aarch64le/include --without-boost

## --------- ##
## Platform. ##
## --------- ##

hostname = dell
uname -m = x86_64
uname -r = 5.15.0-60-generic
uname -s = Linux
uname -v = #66~20.04.1-Ubuntu SMP Wed Jan 25 09:41:30 UTC 2023

/usr/bin/uname -p = x86_64
/bin/uname -X     = unknown

/bin/arch              = x86_64
/usr/bin/arch -k       = unknown
/usr/convex/getsysinfo = unknown
/usr/bin/hostinfo      = unknown
/bin/machine           = unknown
/usr/bin/oslevel       = unknown
/bin/universe          = unknown

PATH: /home/yacine/qnx710/host/linux/x86_64/usr/bin/
PATH: /home/yacine/.qnx/bin/
PATH: /home/yacine/qnx710/jre/bin/
PATH: /home/yacine/qnx710/host/common/bin/
PATH: /home/yacine/MAE/HighLevelFormalLanguages/compilerBinaries/lv6-bin-dist//bin/
PATH: /opt/gcc-arm-none-eabi-9-2020-q2-update/bin/
PATH: /home/yacine/.local/bin/
PATH: /usr/local/sbin/
PATH: /usr/local/bin/
PATH: /usr/sbin/
PATH: /usr/bin/
PATH: /sbin/
PATH: /bin/
PATH: /usr/games/
PATH: /usr/local/games/
PATH: /snap/bin/
PATH: /usr/local/MATLAB/R2021b/bin/
PATH: /home/yacine/MAE/FormalVerification/NuSMV/bin/


## ----------- ##
## Core tests. ##
## ----------- ##

configure:2487: looking for aux files: compile config.guess config.sub missing install-sh
configure:2500:  trying ../
configure:2529:   ../compile found
configure:2529:   ../config.guess found
configure:2529:   ../config.sub found
configure:2529:   ../missing found
configure:2511:   ../install-sh found
configure:2642: checking whether to enable maintainer-specific portions of Makefiles
configure:2652: result: no
configure:2683: checking for a BSD-compatible install
configure:2756: result: /usr/bin/install -c
configure:2767: checking whether build environment is sane
configure:2822: result: yes
configure:2876: checking for aarch64-linux-gnu-strip
configure:2911: result: no
configure:2921: checking for strip
configure:2942: found /usr/bin/strip
configure:2953: result: strip
configure:2979: checking for a race-free mkdir -p
configure:3023: result: /usr/bin/mkdir -p
configure:3030: checking for gawk
configure:3051: found /usr/bin/gawk
configure:3062: result: gawk
configure:3073: checking whether make sets $(MAKE)
configure:3096: result: yes
configure:3126: checking whether make supports nested variables
configure:3144: result: yes
configure:3229: checking whether UID '1000' is supported by ustar format
configure:3232: result: yes
configure:3239: checking whether GID '1000' is supported by ustar format
configure:3242: result: yes
configure:3250: checking how to create a ustar tar archive
configure:3261: tar --version
tar (GNU tar) 1.30
Copyright (C) 2017 Free Software Foundation, Inc.
License GPLv3+: GNU GPL version 3 or later <https://gnu.org/licenses/gpl.html>.
This is free software: you are free to change and redistribute it.
There is NO WARRANTY, to the extent permitted by law.

Written by John Gilmore and Jay Fenlason.
configure:3264: $? = 0
configure:3304: tardir=conftest.dir && eval tar --format=ustar -chf - "$tardir" >conftest.tar
configure:3307: $? = 0
configure:3311: tar -xf - <conftest.tar
configure:3314: $? = 0
configure:3316: cat conftest.dir/file
GrepMe
configure:3319: $? = 0
configure:3333: result: gnutar
configure:3404: checking build system type
configure:3419: result: x86_64-pc-linux-gnu
configure:3439: checking host system type
configure:3453: result: aarch64-unknown-linux-gnu
configure:3486: checking whether make supports the include directive
configure:3501: make -f confmf.GNU && cat confinc.out
this is the am__doit target
configure:3504: $? = 0
configure:3523: result: yes (GNU style)
configure:3554: checking for aarch64-linux-gnu-gcc
configure:3586: result: q++
configure:3984: checking for C compiler version
configure:3993: q++ --version >&5
cc: unknown option: '--version'
configure:4004: $? = 1
configure:3993: q++ -v >&5
cc: looking for gcc_ntox86_64 in /home/yacine/qnx710/host/linux/x86_64/etc/qcc/gcc/8.3.0/gcc_ntox86_64++.conf
cc: looking for gcc_ntox86_64 in /home/yacine/qnx710/host/linux/x86_64/etc/qcc/gcc/8.3.0/gcc_ntox86_64.conf
cc: no files to process
configure:4004: $? = 1
configure:3993: q++ -V >&5
cc: targets available in /home/yacine/qnx710/host/linux/x86_64/etc/qcc:
	8.3.0,gcc_ntox86_64_cxx
	8.3.0,gcc_ntox86_64_gpp
	8.3.0,gcc_ntoaarch64le
	8.3.0,gcc_ntoarmv7le_cxx
	8.3.0,gcc_ntoarmv7le_gpp
	8.3.0,gcc_ntoarmv7le
	8.3.0,gcc_ntoaarch64le_cxx
	8.3.0,gcc_ntox86_64	(default)
	8.3.0,gcc_ntoaarch64le_gpp
... rest of stderr output deleted ...
configure:4004: $? = 0
configure:3993: q++ -qversion >&5
cc: unknown option: '-qversion'
configure:4004: $? = 1
configure:3993: q++ -version >&5
cc: looking for gcc_ntox86_64 in /home/yacine/qnx710/host/linux/x86_64/etc/qcc/gcc/8.3.0/gcc_ntox86_64++.conf
cc: looking for gcc_ntox86_64 in /home/yacine/qnx710/host/linux/x86_64/etc/qcc/gcc/8.3.0/gcc_ntox86_64.conf
cc: unknown option: '-version'
configure:4004: $? = 1
configure:4024: checking whether the C compiler works
configure:4046: q++ -Vgcc/8.3.0,gcc_ntoaarch64le -std=c++11 -Y_cxx -Wc, -lpthread -D_LITTLE_ENDIAN   conftest.c  >&5
/home/yacine/qnx710/host/linux/x86_64/usr/bin/aarch64-unknown-nto-qnx7.1.0-ld: /home/yacine/qnx710/target/qnx7/aarch64le/lib//libc.so: warning: tgammal has lower than advertised precision
/home/yacine/qnx710/host/linux/x86_64/usr/bin/aarch64-unknown-nto-qnx7.1.0-ld: /home/yacine/qnx710/target/qnx7/aarch64le/lib//libc.so: warning: powl has lower than advertised precision
configure:4050: $? = 0
configure:4100: result: yes
configure:4103: checking for C compiler default output file name
configure:4105: result: a.out
configure:4111: checking for suffix of executables
configure:4118: q++ -o conftest -Vgcc/8.3.0,gcc_ntoaarch64le -std=c++11 -Y_cxx -Wc, -lpthread -D_LITTLE_ENDIAN   conftest.c  >&5
/home/yacine/qnx710/host/linux/x86_64/usr/bin/aarch64-unknown-nto-qnx7.1.0-ld: /home/yacine/qnx710/target/qnx7/aarch64le/lib//libc.so: warning: tgammal has lower than advertised precision
/home/yacine/qnx710/host/linux/x86_64/usr/bin/aarch64-unknown-nto-qnx7.1.0-ld: /home/yacine/qnx710/target/qnx7/aarch64le/lib//libc.so: warning: powl has lower than advertised precision
configure:4122: $? = 0
configure:4145: result: 
configure:4167: checking whether we are cross compiling
configure:4175: q++ -o conftest -Vgcc/8.3.0,gcc_ntoaarch64le -std=c++11 -Y_cxx -Wc, -lpthread -D_LITTLE_ENDIAN   conftest.c  >&5
/home/yacine/qnx710/host/linux/x86_64/usr/bin/aarch64-unknown-nto-qnx7.1.0-ld: /home/yacine/qnx710/target/qnx7/aarch64le/lib//libc.so: warning: tgammal has lower than advertised precision
/home/yacine/qnx710/host/linux/x86_64/usr/bin/aarch64-unknown-nto-qnx7.1.0-ld: /home/yacine/qnx710/target/qnx7/aarch64le/lib//libc.so: warning: powl has lower than advertised precision
configure:4179: $? = 0
configure:4186: ./conftest
/usr/lib/ldqnx-64.so.2: No such file or directory
configure:4190: $? = 255
configure:4178: result: yes
configure:4183: checking for suffix of object files
configure:4206: q++ -c -Vgcc/8.3.0,gcc_ntoaarch64le -std=c++11 -Y_cxx -Wc, -lpthread -D_LITTLE_ENDIAN  conftest.c >&5
configure:4210: $? = 0
configure:4232: result: o
configure:4236: checking whether the compiler supports GNU C
configure:4256: q++ -c -Vgcc/8.3.0,gcc_ntoaarch64le -std=c++11 -Y_cxx -Wc, -lpthread -D_LITTLE_ENDIAN  conftest.c >&5
configure:4256: $? = 0
configure:4266: result: yes
configure:4277: checking whether q++ accepts -g
configure:4298: q++ -c -g  conftest.c >&5
configure:4298: $? = 0
configure:4342: result: yes
configure:4362: checking for q++ option to enable C11 features
configure:4377: q++  -c -Vgcc/8.3.0,gcc_ntoaarch64le -std=c++11 -Y_cxx -Wc, -lpthread -D_LITTLE_ENDIAN  conftest.c >&5
conftest.c:63:3: error: #error "Compiler does not advertise C99 conformance"
 # error "Compiler does not advertise C99 conformance"
   ^~~~~
conftest.c:167:3: error: #error "Compiler does not advertise C11 conformance"
 # error "Compiler does not advertise C11 conformance"
   ^~~~~
conftest.c:25:17: error: 'p' was not declared in this scope
 static char *e (p, i)
                 ^
conftest.c:25:20: error: 'i' was not declared in this scope
 static char *e (p, i)
                    ^
conftest.c:25:21: error: expression list treated as compound expression in initializer [-fpermissive]
 static char *e (p, i)
                     ^
conftest.c:28:1: error: expected unqualified-id before '{' token
 {
 ^
conftest.c:118:29: error: expected ',' or '...' before 'text'
 test_restrict (ccp restrict text)
                             ^~~~
conftest.c: In function 'int test_restrict(ccp)':
conftest.c:123:30: error: 'text' was not declared in this scope
   for (unsigned int i = 0; *(text+i) != '\0'; ++i)
                              ^~~~
conftest.c:123:30: note: suggested alternative: 'test'
   for (unsigned int i = 0; *(text+i) != '\0'; ++i)
                              ^~~~
                              test
conftest.c: At global scope:
conftest.c:171:24: error: expected initializer before 'aligned_as_double'
 char _Alignas (double) aligned_as_double;
                        ^~~~~~~~~~~~~~~~~
conftest.c:172:19: error: expected ',' or ';' before 'no_special_alignment'
 char _Alignas (0) no_special_alignment;
                   ^~~~~~~~~~~~~~~~~~~~
conftest.c:174:15: error: redefinition of 'char _Alignas'
 char _Alignas (0) _Alignas (int) aligned_as_int;
               ^
conftest.c:172:6: note: 'char _Alignas' previously defined here
 char _Alignas (0) no_special_alignment;
      ^~~~~~~~
conftest.c:179:29: error: expected primary-expression before 'int'
   int_alignment = _Alignof (int),
                             ^~~
conftest.c:179:19: error: '_Alignof' was not declared in this scope
   int_alignment = _Alignof (int),
                   ^~~~~~~~
conftest.c:179:19: note: suggested alternative: '_Alignas'
   int_alignment = _Alignof (int),
                   ^~~~~~~~
                   _Alignas
conftest.c:180:35: error: expected primary-expression before 'int'
   int_array_alignment = _Alignof (int[100]),
                                   ^~~
conftest.c:180:25: error: '_Alignof' was not declared in this scope
   int_array_alignment = _Alignof (int[100]),
                         ^~~~~~~~
conftest.c:180:25: note: suggested alternative: '_Alignas'
   int_array_alignment = _Alignof (int[100]),
                         ^~~~~~~~
                         _Alignas
conftest.c:181:30: error: expected primary-expression before 'char'
   char_alignment = _Alignof (char)
                              ^~~~
conftest.c:181:20: error: '_Alignof' was not declared in this scope
   char_alignment = _Alignof (char)
                    ^~~~~~~~
conftest.c:181:20: note: suggested alternative: '_Alignas'
   char_alignment = _Alignof (char)
                    ^~~~~~~~
                    _Alignas
conftest.c:183:16: error: expected constructor, destructor, or type conversion before '(' token
 _Static_assert (0 < -_Alignof (int), "_Alignof is signed");
                ^
conftest.c:186:15: error: expected initializer before 'does_not_return'
 int _Noreturn does_not_return (void) { for (;;) continue; }
               ^~~~~~~~~~~~~~~
conftest.c:192:19: error: expected identifier before 'sizeof'
   _Static_assert (sizeof (int) <= sizeof (long int),
                   ^~~~~~
conftest.c:192:19: error: expected ',' or '...' before 'sizeof'
conftest.c:193:59: error: ISO C++ forbids declaration of '_Static_assert' with no type [-fpermissive]
                   "_Static_assert does not work in struct");
                                                           ^
conftest.c: In function 'int main(int, char**)':
conftest.c:222:24: error: cannot convert 'char*' to 'char* (*)(char**, int)'
 ok |= (argc == 0 || f (e, argv, 0) != argv[0] || f (e, argv, 1) != argv[1]);
                        ^
conftest.c:31:26: note:   initializing argument 1 of 'char* f(char* (*)(char**, int), char**, ...)'
 static char *f (char * (*g) (char **, int), char **p, ...)
                 ~~~~~~~~~^~~~~~~~~~~~~~~~~
conftest.c:222:53: error: cannot convert 'char*' to 'char* (*)(char**, int)'
 ok |= (argc == 0 || f (e, argv, 0) != argv[0] || f (e, argv, 1) != argv[1]);
                                                     ^
conftest.c:31:26: note:   initializing argument 1 of 'char* f(char* (*)(char**, int), char**, ...)'
 static char *f (char * (*g) (char **, int), char **p, ...)
                 ~~~~~~~~~^~~~~~~~~~~~~~~~~
conftest.c:226:3: error: '_Bool' was not declared in this scope
   _Bool success = false;
   ^~~~~
conftest.c:226:3: note: suggested alternative: 'bool'
   _Bool success = false;
   ^~~~~
   bool
conftest.c:227:3: error: 'success' was not declared in this scope
   success |= (argc != 0);
   ^~~~~~~
conftest.c:232:18: error: expected initializer before 'newvar'
   char *restrict newvar = "Another string";
                  ^~~~~~
conftest.c:240:12: error: invalid conversion from 'void*' to 'incomplete_array*' [-fpermissive]
     malloc (sizeof (struct incomplete_array) + (sizeof (double) * 10));
     ~~~~~~~^~~~~~~~~~~~~~~~~~~~~~~~~~~~~~~~~~~~~~~~~~~~~~~~~~~~~~~~~~~
conftest.c:259:58: error: 'newvar' was not declared in this scope
   ok |= (!success || bignum == 0LL || ubignum == 0uLL || newvar[0] == 'x'
                                                          ^~~~~~
conftest.c:263:3: error: '_Static_assert' was not declared in this scope
   _Static_assert ((offsetof (struct anonymous, i)
   ^~~~~~~~~~~~~~
conftest.c:263:3: note: suggested alternative: 'static_assert'
   _Static_assert ((offsetof (struct anonymous, i)
   ^~~~~~~~~~~~~~
   static_assert
configure:4377: $? = 1
configure: failed program was:
| /* confdefs.h */
| #define PACKAGE_NAME "asio"
| #define PACKAGE_TARNAME "asio"
| #define PACKAGE_VERSION "1.24.0"
| #define PACKAGE_STRING "asio 1.24.0"
| #define PACKAGE_BUGREPORT ""
| #define PACKAGE_URL ""
| #define PACKAGE "asio"
| #define VERSION "1.24.0"
| /* end confdefs.h.  */
| 
| /* Does the compiler advertise C89 conformance?
|    Do not test the value of __STDC__, because some compilers set it to 0
|    while being otherwise adequately conformant. */
| #if !defined __STDC__
| # error "Compiler does not advertise C89 conformance"
| #endif
| 
| #include <stddef.h>
| #include <stdarg.h>
| struct stat;
| /* Most of the following tests are stolen from RCS 5.7 src/conf.sh.  */
| struct buf { int x; };
| struct buf * (*rcsopen) (struct buf *, struct stat *, int);
| static char *e (p, i)
|      char **p;
|      int i;
| {
|   return p[i];
| }
| static char *f (char * (*g) (char **, int), char **p, ...)
| {
|   char *s;
|   va_list v;
|   va_start (v,p);
|   s = g (p, va_arg (v,int));
|   va_end (v);
|   return s;
| }
| 
| /* OSF 4.0 Compaq cc is some sort of almost-ANSI by default.  It has
|    function prototypes and stuff, but not \xHH hex character constants.
|    These do not provoke an error unfortunately, instead are silently treated
|    as an "x".  The following induces an error, until -std is added to get
|    proper ANSI mode.  Curiously \x00 != x always comes out true, for an
|    array size at least.  It is necessary to write \x00 == 0 to get something
|    that is true only with -std.  */
| int osf4_cc_array ['\x00' == 0 ? 1 : -1];
| 
| /* IBM C 6 for AIX is almost-ANSI by default, but it replaces macro parameters
|    inside strings and character constants.  */
| #define FOO(x) 'x'
| int xlc6_cc_array[FOO(a) == 'x' ? 1 : -1];
| 
| int test (int i, double x);
| struct s1 {int (*f) (int a);};
| struct s2 {int (*f) (double a);};
| int pairnames (int, char **, int *(*)(struct buf *, struct stat *, int),
|                int, int);
| 
| // Does the compiler advertise C99 conformance?
| #if !defined __STDC_VERSION__ || __STDC_VERSION__ < 199901L
| # error "Compiler does not advertise C99 conformance"
| #endif
| 
| #include <stdbool.h>
| extern int puts (const char *);
| extern int printf (const char *, ...);
| extern int dprintf (int, const char *, ...);
| extern void *malloc (size_t);
| 
| // Check varargs macros.  These examples are taken from C99 6.10.3.5.
| // dprintf is used instead of fprintf to avoid needing to declare
| // FILE and stderr.
| #define debug(...) dprintf (2, __VA_ARGS__)
| #define showlist(...) puts (#__VA_ARGS__)
| #define report(test,...) ((test) ? puts (#test) : printf (__VA_ARGS__))
| static void
| test_varargs_macros (void)
| {
|   int x = 1234;
|   int y = 5678;
|   debug ("Flag");
|   debug ("X = %d\n", x);
|   showlist (The first, second, and third items.);
|   report (x>y, "x is %d but y is %d", x, y);
| }
| 
| // Check long long types.
| #define BIG64 18446744073709551615ull
| #define BIG32 4294967295ul
| #define BIG_OK (BIG64 / BIG32 == 4294967297ull && BIG64 % BIG32 == 0)
| #if !BIG_OK
|   #error "your preprocessor is broken"
| #endif
| #if BIG_OK
| #else
|   #error "your preprocessor is broken"
| #endif
| static long long int bignum = -9223372036854775807LL;
| static unsigned long long int ubignum = BIG64;
| 
| struct incomplete_array
| {
|   int datasize;
|   double data[];
| };
| 
| struct named_init {
|   int number;
|   const wchar_t *name;
|   double average;
| };
| 
| typedef const char *ccp;
| 
| static inline int
| test_restrict (ccp restrict text)
| {
|   // See if C++-style comments work.
|   // Iterate through items via the restricted pointer.
|   // Also check for declarations in for loops.
|   for (unsigned int i = 0; *(text+i) != '\0'; ++i)
|     continue;
|   return 0;
| }
| 
| // Check varargs and va_copy.
| static bool
| test_varargs (const char *format, ...)
| {
|   va_list args;
|   va_start (args, format);
|   va_list args_copy;
|   va_copy (args_copy, args);
| 
|   const char *str = "";
|   int number = 0;
|   float fnumber = 0;
| 
|   while (*format)
|     {
|       switch (*format++)
| 	{
| 	case 's': // string
| 	  str = va_arg (args_copy, const char *);
| 	  break;
| 	case 'd': // int
| 	  number = va_arg (args_copy, int);
| 	  break;
| 	case 'f': // float
| 	  fnumber = va_arg (args_copy, double);
| 	  break;
| 	default:
| 	  break;
| 	}
|     }
|   va_end (args_copy);
|   va_end (args);
| 
|   return *str && number && fnumber;
| }
| 
| 
| // Does the compiler advertise C11 conformance?
| #if !defined __STDC_VERSION__ || __STDC_VERSION__ < 201112L
| # error "Compiler does not advertise C11 conformance"
| #endif
| 
| // Check _Alignas.
| char _Alignas (double) aligned_as_double;
| char _Alignas (0) no_special_alignment;
| extern char aligned_as_int;
| char _Alignas (0) _Alignas (int) aligned_as_int;
| 
| // Check _Alignof.
| enum
| {
|   int_alignment = _Alignof (int),
|   int_array_alignment = _Alignof (int[100]),
|   char_alignment = _Alignof (char)
| };
| _Static_assert (0 < -_Alignof (int), "_Alignof is signed");
| 
| // Check _Noreturn.
| int _Noreturn does_not_return (void) { for (;;) continue; }
| 
| // Check _Static_assert.
| struct test_static_assert
| {
|   int x;
|   _Static_assert (sizeof (int) <= sizeof (long int),
|                   "_Static_assert does not work in struct");
|   long int y;
| };
| 
| // Check UTF-8 literals.
| #define u8 syntax error!
| char const utf8_literal[] = u8"happens to be ASCII" "another string";
| 
| // Check duplicate typedefs.
| typedef long *long_ptr;
| typedef long int *long_ptr;
| typedef long_ptr long_ptr;
| 
| // Anonymous structures and unions -- taken from C11 6.7.2.1 Example 1.
| struct anonymous
| {
|   union {
|     struct { int i; int j; };
|     struct { int k; long int l; } w;
|   };
|   int m;
| } v1;
| 
| 
| int
| main (int argc, char **argv)
| {
|   int ok = 0;
|   
| ok |= (argc == 0 || f (e, argv, 0) != argv[0] || f (e, argv, 1) != argv[1]);
| 
|   
|   // Check bool.
|   _Bool success = false;
|   success |= (argc != 0);
| 
|   // Check restrict.
|   if (test_restrict ("String literal") == 0)
|     success = true;
|   char *restrict newvar = "Another string";
| 
|   // Check varargs.
|   success &= test_varargs ("s, d' f .", "string", 65, 34.234);
|   test_varargs_macros ();
| 
|   // Check flexible array members.
|   struct incomplete_array *ia =
|     malloc (sizeof (struct incomplete_array) + (sizeof (double) * 10));
|   ia->datasize = 10;
|   for (int i = 0; i < ia->datasize; ++i)
|     ia->data[i] = i * 1.234;
| 
|   // Check named initializers.
|   struct named_init ni = {
|     .number = 34,
|     .name = L"Test wide string",
|     .average = 543.34343,
|   };
| 
|   ni.number = 58;
| 
|   int dynamic_array[ni.number];
|   dynamic_array[0] = argv[0][0];
|   dynamic_array[ni.number - 1] = 543;
| 
|   // work around unused variable warnings
|   ok |= (!success || bignum == 0LL || ubignum == 0uLL || newvar[0] == 'x'
| 	 || dynamic_array[ni.number - 1] != 543);
| 
|   
|   _Static_assert ((offsetof (struct anonymous, i)
| 		   == offsetof (struct anonymous, w.k)),
| 		  "Anonymous union alignment botch");
|   v1.i = 2;
|   v1.w.k = 5;
|   ok |= v1.i != 5;
| 
|   return ok;
| }
| 
configure:4377: q++ -std=gnu11 -c -Vgcc/8.3.0,gcc_ntoaarch64le -std=c++11 -Y_cxx -Wc, -lpthread -D_LITTLE_ENDIAN  conftest.c >&5
cc1plus: warning: command line option '-std=gnu11' is valid for C/ObjC but not for C++
conftest.c:63:3: error: #error "Compiler does not advertise C99 conformance"
 # error "Compiler does not advertise C99 conformance"
   ^~~~~
conftest.c:167:3: error: #error "Compiler does not advertise C11 conformance"
 # error "Compiler does not advertise C11 conformance"
   ^~~~~
conftest.c:25:17: error: 'p' was not declared in this scope
 static char *e (p, i)
                 ^
conftest.c:25:20: error: 'i' was not declared in this scope
 static char *e (p, i)
                    ^
conftest.c:25:21: error: expression list treated as compound expression in initializer [-fpermissive]
 static char *e (p, i)
                     ^
conftest.c:28:1: error: expected unqualified-id before '{' token
 {
 ^
conftest.c:118:29: error: expected ',' or '...' before 'text'
 test_restrict (ccp restrict text)
                             ^~~~
conftest.c: In function 'int test_restrict(ccp)':
conftest.c:123:30: error: 'text' was not declared in this scope
   for (unsigned int i = 0; *(text+i) != '\0'; ++i)
                              ^~~~
conftest.c:123:30: note: suggested alternative: 'test'
   for (unsigned int i = 0; *(text+i) != '\0'; ++i)
                              ^~~~
                              test
conftest.c: At global scope:
conftest.c:171:24: error: expected initializer before 'aligned_as_double'
 char _Alignas (double) aligned_as_double;
                        ^~~~~~~~~~~~~~~~~
conftest.c:172:19: error: expected ',' or ';' before 'no_special_alignment'
 char _Alignas (0) no_special_alignment;
                   ^~~~~~~~~~~~~~~~~~~~
conftest.c:174:15: error: redefinition of 'char _Alignas'
 char _Alignas (0) _Alignas (int) aligned_as_int;
               ^
conftest.c:172:6: note: 'char _Alignas' previously defined here
 char _Alignas (0) no_special_alignment;
      ^~~~~~~~
conftest.c:179:29: error: expected primary-expression before 'int'
   int_alignment = _Alignof (int),
                             ^~~
conftest.c:179:19: error: '_Alignof' was not declared in this scope
   int_alignment = _Alignof (int),
                   ^~~~~~~~
conftest.c:179:19: note: suggested alternative: '_Alignas'
   int_alignment = _Alignof (int),
                   ^~~~~~~~
                   _Alignas
conftest.c:180:35: error: expected primary-expression before 'int'
   int_array_alignment = _Alignof (int[100]),
                                   ^~~
conftest.c:180:25: error: '_Alignof' was not declared in this scope
   int_array_alignment = _Alignof (int[100]),
                         ^~~~~~~~
conftest.c:180:25: note: suggested alternative: '_Alignas'
   int_array_alignment = _Alignof (int[100]),
                         ^~~~~~~~
                         _Alignas
conftest.c:181:30: error: expected primary-expression before 'char'
   char_alignment = _Alignof (char)
                              ^~~~
conftest.c:181:20: error: '_Alignof' was not declared in this scope
   char_alignment = _Alignof (char)
                    ^~~~~~~~
conftest.c:181:20: note: suggested alternative: '_Alignas'
   char_alignment = _Alignof (char)
                    ^~~~~~~~
                    _Alignas
conftest.c:183:16: error: expected constructor, destructor, or type conversion before '(' token
 _Static_assert (0 < -_Alignof (int), "_Alignof is signed");
                ^
conftest.c:186:15: error: expected initializer before 'does_not_return'
 int _Noreturn does_not_return (void) { for (;;) continue; }
               ^~~~~~~~~~~~~~~
conftest.c:192:19: error: expected identifier before 'sizeof'
   _Static_assert (sizeof (int) <= sizeof (long int),
                   ^~~~~~
conftest.c:192:19: error: expected ',' or '...' before 'sizeof'
conftest.c:193:59: error: ISO C++ forbids declaration of '_Static_assert' with no type [-fpermissive]
                   "_Static_assert does not work in struct");
                                                           ^
conftest.c: In function 'int main(int, char**)':
conftest.c:222:24: error: cannot convert 'char*' to 'char* (*)(char**, int)'
 ok |= (argc == 0 || f (e, argv, 0) != argv[0] || f (e, argv, 1) != argv[1]);
                        ^
conftest.c:31:26: note:   initializing argument 1 of 'char* f(char* (*)(char**, int), char**, ...)'
 static char *f (char * (*g) (char **, int), char **p, ...)
                 ~~~~~~~~~^~~~~~~~~~~~~~~~~
conftest.c:222:53: error: cannot convert 'char*' to 'char* (*)(char**, int)'
 ok |= (argc == 0 || f (e, argv, 0) != argv[0] || f (e, argv, 1) != argv[1]);
                                                     ^
conftest.c:31:26: note:   initializing argument 1 of 'char* f(char* (*)(char**, int), char**, ...)'
 static char *f (char * (*g) (char **, int), char **p, ...)
                 ~~~~~~~~~^~~~~~~~~~~~~~~~~
conftest.c:226:3: error: '_Bool' was not declared in this scope
   _Bool success = false;
   ^~~~~
conftest.c:226:3: note: suggested alternative: 'bool'
   _Bool success = false;
   ^~~~~
   bool
conftest.c:227:3: error: 'success' was not declared in this scope
   success |= (argc != 0);
   ^~~~~~~
conftest.c:232:18: error: expected initializer before 'newvar'
   char *restrict newvar = "Another string";
                  ^~~~~~
conftest.c:240:12: error: invalid conversion from 'void*' to 'incomplete_array*' [-fpermissive]
     malloc (sizeof (struct incomplete_array) + (sizeof (double) * 10));
     ~~~~~~~^~~~~~~~~~~~~~~~~~~~~~~~~~~~~~~~~~~~~~~~~~~~~~~~~~~~~~~~~~~
conftest.c:259:58: error: 'newvar' was not declared in this scope
   ok |= (!success || bignum == 0LL || ubignum == 0uLL || newvar[0] == 'x'
                                                          ^~~~~~
conftest.c:263:3: error: '_Static_assert' was not declared in this scope
   _Static_assert ((offsetof (struct anonymous, i)
   ^~~~~~~~~~~~~~
conftest.c:263:3: note: suggested alternative: 'static_assert'
   _Static_assert ((offsetof (struct anonymous, i)
   ^~~~~~~~~~~~~~
   static_assert
configure:4377: $? = 1
configure: failed program was:
| /* confdefs.h */
| #define PACKAGE_NAME "asio"
| #define PACKAGE_TARNAME "asio"
| #define PACKAGE_VERSION "1.24.0"
| #define PACKAGE_STRING "asio 1.24.0"
| #define PACKAGE_BUGREPORT ""
| #define PACKAGE_URL ""
| #define PACKAGE "asio"
| #define VERSION "1.24.0"
| /* end confdefs.h.  */
| 
| /* Does the compiler advertise C89 conformance?
|    Do not test the value of __STDC__, because some compilers set it to 0
|    while being otherwise adequately conformant. */
| #if !defined __STDC__
| # error "Compiler does not advertise C89 conformance"
| #endif
| 
| #include <stddef.h>
| #include <stdarg.h>
| struct stat;
| /* Most of the following tests are stolen from RCS 5.7 src/conf.sh.  */
| struct buf { int x; };
| struct buf * (*rcsopen) (struct buf *, struct stat *, int);
| static char *e (p, i)
|      char **p;
|      int i;
| {
|   return p[i];
| }
| static char *f (char * (*g) (char **, int), char **p, ...)
| {
|   char *s;
|   va_list v;
|   va_start (v,p);
|   s = g (p, va_arg (v,int));
|   va_end (v);
|   return s;
| }
| 
| /* OSF 4.0 Compaq cc is some sort of almost-ANSI by default.  It has
|    function prototypes and stuff, but not \xHH hex character constants.
|    These do not provoke an error unfortunately, instead are silently treated
|    as an "x".  The following induces an error, until -std is added to get
|    proper ANSI mode.  Curiously \x00 != x always comes out true, for an
|    array size at least.  It is necessary to write \x00 == 0 to get something
|    that is true only with -std.  */
| int osf4_cc_array ['\x00' == 0 ? 1 : -1];
| 
| /* IBM C 6 for AIX is almost-ANSI by default, but it replaces macro parameters
|    inside strings and character constants.  */
| #define FOO(x) 'x'
| int xlc6_cc_array[FOO(a) == 'x' ? 1 : -1];
| 
| int test (int i, double x);
| struct s1 {int (*f) (int a);};
| struct s2 {int (*f) (double a);};
| int pairnames (int, char **, int *(*)(struct buf *, struct stat *, int),
|                int, int);
| 
| // Does the compiler advertise C99 conformance?
| #if !defined __STDC_VERSION__ || __STDC_VERSION__ < 199901L
| # error "Compiler does not advertise C99 conformance"
| #endif
| 
| #include <stdbool.h>
| extern int puts (const char *);
| extern int printf (const char *, ...);
| extern int dprintf (int, const char *, ...);
| extern void *malloc (size_t);
| 
| // Check varargs macros.  These examples are taken from C99 6.10.3.5.
| // dprintf is used instead of fprintf to avoid needing to declare
| // FILE and stderr.
| #define debug(...) dprintf (2, __VA_ARGS__)
| #define showlist(...) puts (#__VA_ARGS__)
| #define report(test,...) ((test) ? puts (#test) : printf (__VA_ARGS__))
| static void
| test_varargs_macros (void)
| {
|   int x = 1234;
|   int y = 5678;
|   debug ("Flag");
|   debug ("X = %d\n", x);
|   showlist (The first, second, and third items.);
|   report (x>y, "x is %d but y is %d", x, y);
| }
| 
| // Check long long types.
| #define BIG64 18446744073709551615ull
| #define BIG32 4294967295ul
| #define BIG_OK (BIG64 / BIG32 == 4294967297ull && BIG64 % BIG32 == 0)
| #if !BIG_OK
|   #error "your preprocessor is broken"
| #endif
| #if BIG_OK
| #else
|   #error "your preprocessor is broken"
| #endif
| static long long int bignum = -9223372036854775807LL;
| static unsigned long long int ubignum = BIG64;
| 
| struct incomplete_array
| {
|   int datasize;
|   double data[];
| };
| 
| struct named_init {
|   int number;
|   const wchar_t *name;
|   double average;
| };
| 
| typedef const char *ccp;
| 
| static inline int
| test_restrict (ccp restrict text)
| {
|   // See if C++-style comments work.
|   // Iterate through items via the restricted pointer.
|   // Also check for declarations in for loops.
|   for (unsigned int i = 0; *(text+i) != '\0'; ++i)
|     continue;
|   return 0;
| }
| 
| // Check varargs and va_copy.
| static bool
| test_varargs (const char *format, ...)
| {
|   va_list args;
|   va_start (args, format);
|   va_list args_copy;
|   va_copy (args_copy, args);
| 
|   const char *str = "";
|   int number = 0;
|   float fnumber = 0;
| 
|   while (*format)
|     {
|       switch (*format++)
| 	{
| 	case 's': // string
| 	  str = va_arg (args_copy, const char *);
| 	  break;
| 	case 'd': // int
| 	  number = va_arg (args_copy, int);
| 	  break;
| 	case 'f': // float
| 	  fnumber = va_arg (args_copy, double);
| 	  break;
| 	default:
| 	  break;
| 	}
|     }
|   va_end (args_copy);
|   va_end (args);
| 
|   return *str && number && fnumber;
| }
| 
| 
| // Does the compiler advertise C11 conformance?
| #if !defined __STDC_VERSION__ || __STDC_VERSION__ < 201112L
| # error "Compiler does not advertise C11 conformance"
| #endif
| 
| // Check _Alignas.
| char _Alignas (double) aligned_as_double;
| char _Alignas (0) no_special_alignment;
| extern char aligned_as_int;
| char _Alignas (0) _Alignas (int) aligned_as_int;
| 
| // Check _Alignof.
| enum
| {
|   int_alignment = _Alignof (int),
|   int_array_alignment = _Alignof (int[100]),
|   char_alignment = _Alignof (char)
| };
| _Static_assert (0 < -_Alignof (int), "_Alignof is signed");
| 
| // Check _Noreturn.
| int _Noreturn does_not_return (void) { for (;;) continue; }
| 
| // Check _Static_assert.
| struct test_static_assert
| {
|   int x;
|   _Static_assert (sizeof (int) <= sizeof (long int),
|                   "_Static_assert does not work in struct");
|   long int y;
| };
| 
| // Check UTF-8 literals.
| #define u8 syntax error!
| char const utf8_literal[] = u8"happens to be ASCII" "another string";
| 
| // Check duplicate typedefs.
| typedef long *long_ptr;
| typedef long int *long_ptr;
| typedef long_ptr long_ptr;
| 
| // Anonymous structures and unions -- taken from C11 6.7.2.1 Example 1.
| struct anonymous
| {
|   union {
|     struct { int i; int j; };
|     struct { int k; long int l; } w;
|   };
|   int m;
| } v1;
| 
| 
| int
| main (int argc, char **argv)
| {
|   int ok = 0;
|   
| ok |= (argc == 0 || f (e, argv, 0) != argv[0] || f (e, argv, 1) != argv[1]);
| 
|   
|   // Check bool.
|   _Bool success = false;
|   success |= (argc != 0);
| 
|   // Check restrict.
|   if (test_restrict ("String literal") == 0)
|     success = true;
|   char *restrict newvar = "Another string";
| 
|   // Check varargs.
|   success &= test_varargs ("s, d' f .", "string", 65, 34.234);
|   test_varargs_macros ();
| 
|   // Check flexible array members.
|   struct incomplete_array *ia =
|     malloc (sizeof (struct incomplete_array) + (sizeof (double) * 10));
|   ia->datasize = 10;
|   for (int i = 0; i < ia->datasize; ++i)
|     ia->data[i] = i * 1.234;
| 
|   // Check named initializers.
|   struct named_init ni = {
|     .number = 34,
|     .name = L"Test wide string",
|     .average = 543.34343,
|   };
| 
|   ni.number = 58;
| 
|   int dynamic_array[ni.number];
|   dynamic_array[0] = argv[0][0];
|   dynamic_array[ni.number - 1] = 543;
| 
|   // work around unused variable warnings
|   ok |= (!success || bignum == 0LL || ubignum == 0uLL || newvar[0] == 'x'
| 	 || dynamic_array[ni.number - 1] != 543);
| 
|   
|   _Static_assert ((offsetof (struct anonymous, i)
| 		   == offsetof (struct anonymous, w.k)),
| 		  "Anonymous union alignment botch");
|   v1.i = 2;
|   v1.w.k = 5;
|   ok |= v1.i != 5;
| 
|   return ok;
| }
| 
configure:4390: result: unsupported
configure:4408: checking for q++ option to enable C99 features
configure:4423: q++  -c -Vgcc/8.3.0,gcc_ntoaarch64le -std=c++11 -Y_cxx -Wc, -lpthread -D_LITTLE_ENDIAN  conftest.c >&5
conftest.c:63:3: error: #error "Compiler does not advertise C99 conformance"
 # error "Compiler does not advertise C99 conformance"
   ^~~~~
conftest.c:25:17: error: 'p' was not declared in this scope
 static char *e (p, i)
                 ^
conftest.c:25:20: error: 'i' was not declared in this scope
 static char *e (p, i)
                    ^
conftest.c:25:21: error: expression list treated as compound expression in initializer [-fpermissive]
 static char *e (p, i)
                     ^
conftest.c:28:1: error: expected unqualified-id before '{' token
 {
 ^
conftest.c:118:29: error: expected ',' or '...' before 'text'
 test_restrict (ccp restrict text)
                             ^~~~
conftest.c: In function 'int test_restrict(ccp)':
conftest.c:123:30: error: 'text' was not declared in this scope
   for (unsigned int i = 0; *(text+i) != '\0'; ++i)
                              ^~~~
conftest.c:123:30: note: suggested alternative: 'test'
   for (unsigned int i = 0; *(text+i) != '\0'; ++i)
                              ^~~~
                              test
conftest.c: In function 'int main(int, char**)':
conftest.c:170:24: error: cannot convert 'char*' to 'char* (*)(char**, int)'
 ok |= (argc == 0 || f (e, argv, 0) != argv[0] || f (e, argv, 1) != argv[1]);
                        ^
conftest.c:31:26: note:   initializing argument 1 of 'char* f(char* (*)(char**, int), char**, ...)'
 static char *f (char * (*g) (char **, int), char **p, ...)
                 ~~~~~~~~~^~~~~~~~~~~~~~~~~
conftest.c:170:53: error: cannot convert 'char*' to 'char* (*)(char**, int)'
 ok |= (argc == 0 || f (e, argv, 0) != argv[0] || f (e, argv, 1) != argv[1]);
                                                     ^
conftest.c:31:26: note:   initializing argument 1 of 'char* f(char* (*)(char**, int), char**, ...)'
 static char *f (char * (*g) (char **, int), char **p, ...)
                 ~~~~~~~~~^~~~~~~~~~~~~~~~~
conftest.c:174:3: error: '_Bool' was not declared in this scope
   _Bool success = false;
   ^~~~~
conftest.c:174:3: note: suggested alternative: 'bool'
   _Bool success = false;
   ^~~~~
   bool
conftest.c:175:3: error: 'success' was not declared in this scope
   success |= (argc != 0);
   ^~~~~~~
conftest.c:180:18: error: expected initializer before 'newvar'
   char *restrict newvar = "Another string";
                  ^~~~~~
conftest.c:188:12: error: invalid conversion from 'void*' to 'incomplete_array*' [-fpermissive]
     malloc (sizeof (struct incomplete_array) + (sizeof (double) * 10));
     ~~~~~~~^~~~~~~~~~~~~~~~~~~~~~~~~~~~~~~~~~~~~~~~~~~~~~~~~~~~~~~~~~~
conftest.c:207:58: error: 'newvar' was not declared in this scope
   ok |= (!success || bignum == 0LL || ubignum == 0uLL || newvar[0] == 'x'
                                                          ^~~~~~
configure:4423: $? = 1
configure: failed program was:
| /* confdefs.h */
| #define PACKAGE_NAME "asio"
| #define PACKAGE_TARNAME "asio"
| #define PACKAGE_VERSION "1.24.0"
| #define PACKAGE_STRING "asio 1.24.0"
| #define PACKAGE_BUGREPORT ""
| #define PACKAGE_URL ""
| #define PACKAGE "asio"
| #define VERSION "1.24.0"
| /* end confdefs.h.  */
| 
| /* Does the compiler advertise C89 conformance?
|    Do not test the value of __STDC__, because some compilers set it to 0
|    while being otherwise adequately conformant. */
| #if !defined __STDC__
| # error "Compiler does not advertise C89 conformance"
| #endif
| 
| #include <stddef.h>
| #include <stdarg.h>
| struct stat;
| /* Most of the following tests are stolen from RCS 5.7 src/conf.sh.  */
| struct buf { int x; };
| struct buf * (*rcsopen) (struct buf *, struct stat *, int);
| static char *e (p, i)
|      char **p;
|      int i;
| {
|   return p[i];
| }
| static char *f (char * (*g) (char **, int), char **p, ...)
| {
|   char *s;
|   va_list v;
|   va_start (v,p);
|   s = g (p, va_arg (v,int));
|   va_end (v);
|   return s;
| }
| 
| /* OSF 4.0 Compaq cc is some sort of almost-ANSI by default.  It has
|    function prototypes and stuff, but not \xHH hex character constants.
|    These do not provoke an error unfortunately, instead are silently treated
|    as an "x".  The following induces an error, until -std is added to get
|    proper ANSI mode.  Curiously \x00 != x always comes out true, for an
|    array size at least.  It is necessary to write \x00 == 0 to get something
|    that is true only with -std.  */
| int osf4_cc_array ['\x00' == 0 ? 1 : -1];
| 
| /* IBM C 6 for AIX is almost-ANSI by default, but it replaces macro parameters
|    inside strings and character constants.  */
| #define FOO(x) 'x'
| int xlc6_cc_array[FOO(a) == 'x' ? 1 : -1];
| 
| int test (int i, double x);
| struct s1 {int (*f) (int a);};
| struct s2 {int (*f) (double a);};
| int pairnames (int, char **, int *(*)(struct buf *, struct stat *, int),
|                int, int);
| 
| // Does the compiler advertise C99 conformance?
| #if !defined __STDC_VERSION__ || __STDC_VERSION__ < 199901L
| # error "Compiler does not advertise C99 conformance"
| #endif
| 
| #include <stdbool.h>
| extern int puts (const char *);
| extern int printf (const char *, ...);
| extern int dprintf (int, const char *, ...);
| extern void *malloc (size_t);
| 
| // Check varargs macros.  These examples are taken from C99 6.10.3.5.
| // dprintf is used instead of fprintf to avoid needing to declare
| // FILE and stderr.
| #define debug(...) dprintf (2, __VA_ARGS__)
| #define showlist(...) puts (#__VA_ARGS__)
| #define report(test,...) ((test) ? puts (#test) : printf (__VA_ARGS__))
| static void
| test_varargs_macros (void)
| {
|   int x = 1234;
|   int y = 5678;
|   debug ("Flag");
|   debug ("X = %d\n", x);
|   showlist (The first, second, and third items.);
|   report (x>y, "x is %d but y is %d", x, y);
| }
| 
| // Check long long types.
| #define BIG64 18446744073709551615ull
| #define BIG32 4294967295ul
| #define BIG_OK (BIG64 / BIG32 == 4294967297ull && BIG64 % BIG32 == 0)
| #if !BIG_OK
|   #error "your preprocessor is broken"
| #endif
| #if BIG_OK
| #else
|   #error "your preprocessor is broken"
| #endif
| static long long int bignum = -9223372036854775807LL;
| static unsigned long long int ubignum = BIG64;
| 
| struct incomplete_array
| {
|   int datasize;
|   double data[];
| };
| 
| struct named_init {
|   int number;
|   const wchar_t *name;
|   double average;
| };
| 
| typedef const char *ccp;
| 
| static inline int
| test_restrict (ccp restrict text)
| {
|   // See if C++-style comments work.
|   // Iterate through items via the restricted pointer.
|   // Also check for declarations in for loops.
|   for (unsigned int i = 0; *(text+i) != '\0'; ++i)
|     continue;
|   return 0;
| }
| 
| // Check varargs and va_copy.
| static bool
| test_varargs (const char *format, ...)
| {
|   va_list args;
|   va_start (args, format);
|   va_list args_copy;
|   va_copy (args_copy, args);
| 
|   const char *str = "";
|   int number = 0;
|   float fnumber = 0;
| 
|   while (*format)
|     {
|       switch (*format++)
| 	{
| 	case 's': // string
| 	  str = va_arg (args_copy, const char *);
| 	  break;
| 	case 'd': // int
| 	  number = va_arg (args_copy, int);
| 	  break;
| 	case 'f': // float
| 	  fnumber = va_arg (args_copy, double);
| 	  break;
| 	default:
| 	  break;
| 	}
|     }
|   va_end (args_copy);
|   va_end (args);
| 
|   return *str && number && fnumber;
| }
| 
| 
| int
| main (int argc, char **argv)
| {
|   int ok = 0;
|   
| ok |= (argc == 0 || f (e, argv, 0) != argv[0] || f (e, argv, 1) != argv[1]);
| 
|   
|   // Check bool.
|   _Bool success = false;
|   success |= (argc != 0);
| 
|   // Check restrict.
|   if (test_restrict ("String literal") == 0)
|     success = true;
|   char *restrict newvar = "Another string";
| 
|   // Check varargs.
|   success &= test_varargs ("s, d' f .", "string", 65, 34.234);
|   test_varargs_macros ();
| 
|   // Check flexible array members.
|   struct incomplete_array *ia =
|     malloc (sizeof (struct incomplete_array) + (sizeof (double) * 10));
|   ia->datasize = 10;
|   for (int i = 0; i < ia->datasize; ++i)
|     ia->data[i] = i * 1.234;
| 
|   // Check named initializers.
|   struct named_init ni = {
|     .number = 34,
|     .name = L"Test wide string",
|     .average = 543.34343,
|   };
| 
|   ni.number = 58;
| 
|   int dynamic_array[ni.number];
|   dynamic_array[0] = argv[0][0];
|   dynamic_array[ni.number - 1] = 543;
| 
|   // work around unused variable warnings
|   ok |= (!success || bignum == 0LL || ubignum == 0uLL || newvar[0] == 'x'
| 	 || dynamic_array[ni.number - 1] != 543);
| 
|   return ok;
| }
| 
configure:4423: q++ -std=gnu99 -c -Vgcc/8.3.0,gcc_ntoaarch64le -std=c++11 -Y_cxx -Wc, -lpthread -D_LITTLE_ENDIAN  conftest.c >&5
cc1plus: warning: command line option '-std=gnu99' is valid for C/ObjC but not for C++
conftest.c:63:3: error: #error "Compiler does not advertise C99 conformance"
 # error "Compiler does not advertise C99 conformance"
   ^~~~~
conftest.c:25:17: error: 'p' was not declared in this scope
 static char *e (p, i)
                 ^
conftest.c:25:20: error: 'i' was not declared in this scope
 static char *e (p, i)
                    ^
conftest.c:25:21: error: expression list treated as compound expression in initializer [-fpermissive]
 static char *e (p, i)
                     ^
conftest.c:28:1: error: expected unqualified-id before '{' token
 {
 ^
conftest.c:118:29: error: expected ',' or '...' before 'text'
 test_restrict (ccp restrict text)
                             ^~~~
conftest.c: In function 'int test_restrict(ccp)':
conftest.c:123:30: error: 'text' was not declared in this scope
   for (unsigned int i = 0; *(text+i) != '\0'; ++i)
                              ^~~~
conftest.c:123:30: note: suggested alternative: 'test'
   for (unsigned int i = 0; *(text+i) != '\0'; ++i)
                              ^~~~
                              test
conftest.c: In function 'int main(int, char**)':
conftest.c:170:24: error: cannot convert 'char*' to 'char* (*)(char**, int)'
 ok |= (argc == 0 || f (e, argv, 0) != argv[0] || f (e, argv, 1) != argv[1]);
                        ^
conftest.c:31:26: note:   initializing argument 1 of 'char* f(char* (*)(char**, int), char**, ...)'
 static char *f (char * (*g) (char **, int), char **p, ...)
                 ~~~~~~~~~^~~~~~~~~~~~~~~~~
conftest.c:170:53: error: cannot convert 'char*' to 'char* (*)(char**, int)'
 ok |= (argc == 0 || f (e, argv, 0) != argv[0] || f (e, argv, 1) != argv[1]);
                                                     ^
conftest.c:31:26: note:   initializing argument 1 of 'char* f(char* (*)(char**, int), char**, ...)'
 static char *f (char * (*g) (char **, int), char **p, ...)
                 ~~~~~~~~~^~~~~~~~~~~~~~~~~
conftest.c:174:3: error: '_Bool' was not declared in this scope
   _Bool success = false;
   ^~~~~
conftest.c:174:3: note: suggested alternative: 'bool'
   _Bool success = false;
   ^~~~~
   bool
conftest.c:175:3: error: 'success' was not declared in this scope
   success |= (argc != 0);
   ^~~~~~~
conftest.c:180:18: error: expected initializer before 'newvar'
   char *restrict newvar = "Another string";
                  ^~~~~~
conftest.c:188:12: error: invalid conversion from 'void*' to 'incomplete_array*' [-fpermissive]
     malloc (sizeof (struct incomplete_array) + (sizeof (double) * 10));
     ~~~~~~~^~~~~~~~~~~~~~~~~~~~~~~~~~~~~~~~~~~~~~~~~~~~~~~~~~~~~~~~~~~
conftest.c:207:58: error: 'newvar' was not declared in this scope
   ok |= (!success || bignum == 0LL || ubignum == 0uLL || newvar[0] == 'x'
                                                          ^~~~~~
configure:4423: $? = 1
configure: failed program was:
| /* confdefs.h */
| #define PACKAGE_NAME "asio"
| #define PACKAGE_TARNAME "asio"
| #define PACKAGE_VERSION "1.24.0"
| #define PACKAGE_STRING "asio 1.24.0"
| #define PACKAGE_BUGREPORT ""
| #define PACKAGE_URL ""
| #define PACKAGE "asio"
| #define VERSION "1.24.0"
| /* end confdefs.h.  */
| 
| /* Does the compiler advertise C89 conformance?
|    Do not test the value of __STDC__, because some compilers set it to 0
|    while being otherwise adequately conformant. */
| #if !defined __STDC__
| # error "Compiler does not advertise C89 conformance"
| #endif
| 
| #include <stddef.h>
| #include <stdarg.h>
| struct stat;
| /* Most of the following tests are stolen from RCS 5.7 src/conf.sh.  */
| struct buf { int x; };
| struct buf * (*rcsopen) (struct buf *, struct stat *, int);
| static char *e (p, i)
|      char **p;
|      int i;
| {
|   return p[i];
| }
| static char *f (char * (*g) (char **, int), char **p, ...)
| {
|   char *s;
|   va_list v;
|   va_start (v,p);
|   s = g (p, va_arg (v,int));
|   va_end (v);
|   return s;
| }
| 
| /* OSF 4.0 Compaq cc is some sort of almost-ANSI by default.  It has
|    function prototypes and stuff, but not \xHH hex character constants.
|    These do not provoke an error unfortunately, instead are silently treated
|    as an "x".  The following induces an error, until -std is added to get
|    proper ANSI mode.  Curiously \x00 != x always comes out true, for an
|    array size at least.  It is necessary to write \x00 == 0 to get something
|    that is true only with -std.  */
| int osf4_cc_array ['\x00' == 0 ? 1 : -1];
| 
| /* IBM C 6 for AIX is almost-ANSI by default, but it replaces macro parameters
|    inside strings and character constants.  */
| #define FOO(x) 'x'
| int xlc6_cc_array[FOO(a) == 'x' ? 1 : -1];
| 
| int test (int i, double x);
| struct s1 {int (*f) (int a);};
| struct s2 {int (*f) (double a);};
| int pairnames (int, char **, int *(*)(struct buf *, struct stat *, int),
|                int, int);
| 
| // Does the compiler advertise C99 conformance?
| #if !defined __STDC_VERSION__ || __STDC_VERSION__ < 199901L
| # error "Compiler does not advertise C99 conformance"
| #endif
| 
| #include <stdbool.h>
| extern int puts (const char *);
| extern int printf (const char *, ...);
| extern int dprintf (int, const char *, ...);
| extern void *malloc (size_t);
| 
| // Check varargs macros.  These examples are taken from C99 6.10.3.5.
| // dprintf is used instead of fprintf to avoid needing to declare
| // FILE and stderr.
| #define debug(...) dprintf (2, __VA_ARGS__)
| #define showlist(...) puts (#__VA_ARGS__)
| #define report(test,...) ((test) ? puts (#test) : printf (__VA_ARGS__))
| static void
| test_varargs_macros (void)
| {
|   int x = 1234;
|   int y = 5678;
|   debug ("Flag");
|   debug ("X = %d\n", x);
|   showlist (The first, second, and third items.);
|   report (x>y, "x is %d but y is %d", x, y);
| }
| 
| // Check long long types.
| #define BIG64 18446744073709551615ull
| #define BIG32 4294967295ul
| #define BIG_OK (BIG64 / BIG32 == 4294967297ull && BIG64 % BIG32 == 0)
| #if !BIG_OK
|   #error "your preprocessor is broken"
| #endif
| #if BIG_OK
| #else
|   #error "your preprocessor is broken"
| #endif
| static long long int bignum = -9223372036854775807LL;
| static unsigned long long int ubignum = BIG64;
| 
| struct incomplete_array
| {
|   int datasize;
|   double data[];
| };
| 
| struct named_init {
|   int number;
|   const wchar_t *name;
|   double average;
| };
| 
| typedef const char *ccp;
| 
| static inline int
| test_restrict (ccp restrict text)
| {
|   // See if C++-style comments work.
|   // Iterate through items via the restricted pointer.
|   // Also check for declarations in for loops.
|   for (unsigned int i = 0; *(text+i) != '\0'; ++i)
|     continue;
|   return 0;
| }
| 
| // Check varargs and va_copy.
| static bool
| test_varargs (const char *format, ...)
| {
|   va_list args;
|   va_start (args, format);
|   va_list args_copy;
|   va_copy (args_copy, args);
| 
|   const char *str = "";
|   int number = 0;
|   float fnumber = 0;
| 
|   while (*format)
|     {
|       switch (*format++)
| 	{
| 	case 's': // string
| 	  str = va_arg (args_copy, const char *);
| 	  break;
| 	case 'd': // int
| 	  number = va_arg (args_copy, int);
| 	  break;
| 	case 'f': // float
| 	  fnumber = va_arg (args_copy, double);
| 	  break;
| 	default:
| 	  break;
| 	}
|     }
|   va_end (args_copy);
|   va_end (args);
| 
|   return *str && number && fnumber;
| }
| 
| 
| int
| main (int argc, char **argv)
| {
|   int ok = 0;
|   
| ok |= (argc == 0 || f (e, argv, 0) != argv[0] || f (e, argv, 1) != argv[1]);
| 
|   
|   // Check bool.
|   _Bool success = false;
|   success |= (argc != 0);
| 
|   // Check restrict.
|   if (test_restrict ("String literal") == 0)
|     success = true;
|   char *restrict newvar = "Another string";
| 
|   // Check varargs.
|   success &= test_varargs ("s, d' f .", "string", 65, 34.234);
|   test_varargs_macros ();
| 
|   // Check flexible array members.
|   struct incomplete_array *ia =
|     malloc (sizeof (struct incomplete_array) + (sizeof (double) * 10));
|   ia->datasize = 10;
|   for (int i = 0; i < ia->datasize; ++i)
|     ia->data[i] = i * 1.234;
| 
|   // Check named initializers.
|   struct named_init ni = {
|     .number = 34,
|     .name = L"Test wide string",
|     .average = 543.34343,
|   };
| 
|   ni.number = 58;
| 
|   int dynamic_array[ni.number];
|   dynamic_array[0] = argv[0][0];
|   dynamic_array[ni.number - 1] = 543;
| 
|   // work around unused variable warnings
|   ok |= (!success || bignum == 0LL || ubignum == 0uLL || newvar[0] == 'x'
| 	 || dynamic_array[ni.number - 1] != 543);
| 
|   return ok;
| }
| 
configure:4423: q++ -std=c99 -c -Vgcc/8.3.0,gcc_ntoaarch64le -std=c++11 -Y_cxx -Wc, -lpthread -D_LITTLE_ENDIAN  conftest.c >&5
cc1plus: warning: command line option '-std=c99' is valid for C/ObjC but not for C++
conftest.c:63:3: error: #error "Compiler does not advertise C99 conformance"
 # error "Compiler does not advertise C99 conformance"
   ^~~~~
conftest.c:25:17: error: 'p' was not declared in this scope
 static char *e (p, i)
                 ^
conftest.c:25:20: error: 'i' was not declared in this scope
 static char *e (p, i)
                    ^
conftest.c:25:21: error: expression list treated as compound expression in initializer [-fpermissive]
 static char *e (p, i)
                     ^
conftest.c:28:1: error: expected unqualified-id before '{' token
 {
 ^
conftest.c:118:29: error: expected ',' or '...' before 'text'
 test_restrict (ccp restrict text)
                             ^~~~
conftest.c: In function 'int test_restrict(ccp)':
conftest.c:123:30: error: 'text' was not declared in this scope
   for (unsigned int i = 0; *(text+i) != '\0'; ++i)
                              ^~~~
conftest.c:123:30: note: suggested alternative: 'test'
   for (unsigned int i = 0; *(text+i) != '\0'; ++i)
                              ^~~~
                              test
conftest.c: In function 'int main(int, char**)':
conftest.c:170:24: error: cannot convert 'char*' to 'char* (*)(char**, int)'
 ok |= (argc == 0 || f (e, argv, 0) != argv[0] || f (e, argv, 1) != argv[1]);
                        ^
conftest.c:31:26: note:   initializing argument 1 of 'char* f(char* (*)(char**, int), char**, ...)'
 static char *f (char * (*g) (char **, int), char **p, ...)
                 ~~~~~~~~~^~~~~~~~~~~~~~~~~
conftest.c:170:53: error: cannot convert 'char*' to 'char* (*)(char**, int)'
 ok |= (argc == 0 || f (e, argv, 0) != argv[0] || f (e, argv, 1) != argv[1]);
                                                     ^
conftest.c:31:26: note:   initializing argument 1 of 'char* f(char* (*)(char**, int), char**, ...)'
 static char *f (char * (*g) (char **, int), char **p, ...)
                 ~~~~~~~~~^~~~~~~~~~~~~~~~~
conftest.c:174:3: error: '_Bool' was not declared in this scope
   _Bool success = false;
   ^~~~~
conftest.c:174:3: note: suggested alternative: 'bool'
   _Bool success = false;
   ^~~~~
   bool
conftest.c:175:3: error: 'success' was not declared in this scope
   success |= (argc != 0);
   ^~~~~~~
conftest.c:180:18: error: expected initializer before 'newvar'
   char *restrict newvar = "Another string";
                  ^~~~~~
conftest.c:188:12: error: invalid conversion from 'void*' to 'incomplete_array*' [-fpermissive]
     malloc (sizeof (struct incomplete_array) + (sizeof (double) * 10));
     ~~~~~~~^~~~~~~~~~~~~~~~~~~~~~~~~~~~~~~~~~~~~~~~~~~~~~~~~~~~~~~~~~~
conftest.c:207:58: error: 'newvar' was not declared in this scope
   ok |= (!success || bignum == 0LL || ubignum == 0uLL || newvar[0] == 'x'
                                                          ^~~~~~
configure:4423: $? = 1
configure: failed program was:
| /* confdefs.h */
| #define PACKAGE_NAME "asio"
| #define PACKAGE_TARNAME "asio"
| #define PACKAGE_VERSION "1.24.0"
| #define PACKAGE_STRING "asio 1.24.0"
| #define PACKAGE_BUGREPORT ""
| #define PACKAGE_URL ""
| #define PACKAGE "asio"
| #define VERSION "1.24.0"
| /* end confdefs.h.  */
| 
| /* Does the compiler advertise C89 conformance?
|    Do not test the value of __STDC__, because some compilers set it to 0
|    while being otherwise adequately conformant. */
| #if !defined __STDC__
| # error "Compiler does not advertise C89 conformance"
| #endif
| 
| #include <stddef.h>
| #include <stdarg.h>
| struct stat;
| /* Most of the following tests are stolen from RCS 5.7 src/conf.sh.  */
| struct buf { int x; };
| struct buf * (*rcsopen) (struct buf *, struct stat *, int);
| static char *e (p, i)
|      char **p;
|      int i;
| {
|   return p[i];
| }
| static char *f (char * (*g) (char **, int), char **p, ...)
| {
|   char *s;
|   va_list v;
|   va_start (v,p);
|   s = g (p, va_arg (v,int));
|   va_end (v);
|   return s;
| }
| 
| /* OSF 4.0 Compaq cc is some sort of almost-ANSI by default.  It has
|    function prototypes and stuff, but not \xHH hex character constants.
|    These do not provoke an error unfortunately, instead are silently treated
|    as an "x".  The following induces an error, until -std is added to get
|    proper ANSI mode.  Curiously \x00 != x always comes out true, for an
|    array size at least.  It is necessary to write \x00 == 0 to get something
|    that is true only with -std.  */
| int osf4_cc_array ['\x00' == 0 ? 1 : -1];
| 
| /* IBM C 6 for AIX is almost-ANSI by default, but it replaces macro parameters
|    inside strings and character constants.  */
| #define FOO(x) 'x'
| int xlc6_cc_array[FOO(a) == 'x' ? 1 : -1];
| 
| int test (int i, double x);
| struct s1 {int (*f) (int a);};
| struct s2 {int (*f) (double a);};
| int pairnames (int, char **, int *(*)(struct buf *, struct stat *, int),
|                int, int);
| 
| // Does the compiler advertise C99 conformance?
| #if !defined __STDC_VERSION__ || __STDC_VERSION__ < 199901L
| # error "Compiler does not advertise C99 conformance"
| #endif
| 
| #include <stdbool.h>
| extern int puts (const char *);
| extern int printf (const char *, ...);
| extern int dprintf (int, const char *, ...);
| extern void *malloc (size_t);
| 
| // Check varargs macros.  These examples are taken from C99 6.10.3.5.
| // dprintf is used instead of fprintf to avoid needing to declare
| // FILE and stderr.
| #define debug(...) dprintf (2, __VA_ARGS__)
| #define showlist(...) puts (#__VA_ARGS__)
| #define report(test,...) ((test) ? puts (#test) : printf (__VA_ARGS__))
| static void
| test_varargs_macros (void)
| {
|   int x = 1234;
|   int y = 5678;
|   debug ("Flag");
|   debug ("X = %d\n", x);
|   showlist (The first, second, and third items.);
|   report (x>y, "x is %d but y is %d", x, y);
| }
| 
| // Check long long types.
| #define BIG64 18446744073709551615ull
| #define BIG32 4294967295ul
| #define BIG_OK (BIG64 / BIG32 == 4294967297ull && BIG64 % BIG32 == 0)
| #if !BIG_OK
|   #error "your preprocessor is broken"
| #endif
| #if BIG_OK
| #else
|   #error "your preprocessor is broken"
| #endif
| static long long int bignum = -9223372036854775807LL;
| static unsigned long long int ubignum = BIG64;
| 
| struct incomplete_array
| {
|   int datasize;
|   double data[];
| };
| 
| struct named_init {
|   int number;
|   const wchar_t *name;
|   double average;
| };
| 
| typedef const char *ccp;
| 
| static inline int
| test_restrict (ccp restrict text)
| {
|   // See if C++-style comments work.
|   // Iterate through items via the restricted pointer.
|   // Also check for declarations in for loops.
|   for (unsigned int i = 0; *(text+i) != '\0'; ++i)
|     continue;
|   return 0;
| }
| 
| // Check varargs and va_copy.
| static bool
| test_varargs (const char *format, ...)
| {
|   va_list args;
|   va_start (args, format);
|   va_list args_copy;
|   va_copy (args_copy, args);
| 
|   const char *str = "";
|   int number = 0;
|   float fnumber = 0;
| 
|   while (*format)
|     {
|       switch (*format++)
| 	{
| 	case 's': // string
| 	  str = va_arg (args_copy, const char *);
| 	  break;
| 	case 'd': // int
| 	  number = va_arg (args_copy, int);
| 	  break;
| 	case 'f': // float
| 	  fnumber = va_arg (args_copy, double);
| 	  break;
| 	default:
| 	  break;
| 	}
|     }
|   va_end (args_copy);
|   va_end (args);
| 
|   return *str && number && fnumber;
| }
| 
| 
| int
| main (int argc, char **argv)
| {
|   int ok = 0;
|   
| ok |= (argc == 0 || f (e, argv, 0) != argv[0] || f (e, argv, 1) != argv[1]);
| 
|   
|   // Check bool.
|   _Bool success = false;
|   success |= (argc != 0);
| 
|   // Check restrict.
|   if (test_restrict ("String literal") == 0)
|     success = true;
|   char *restrict newvar = "Another string";
| 
|   // Check varargs.
|   success &= test_varargs ("s, d' f .", "string", 65, 34.234);
|   test_varargs_macros ();
| 
|   // Check flexible array members.
|   struct incomplete_array *ia =
|     malloc (sizeof (struct incomplete_array) + (sizeof (double) * 10));
|   ia->datasize = 10;
|   for (int i = 0; i < ia->datasize; ++i)
|     ia->data[i] = i * 1.234;
| 
|   // Check named initializers.
|   struct named_init ni = {
|     .number = 34,
|     .name = L"Test wide string",
|     .average = 543.34343,
|   };
| 
|   ni.number = 58;
| 
|   int dynamic_array[ni.number];
|   dynamic_array[0] = argv[0][0];
|   dynamic_array[ni.number - 1] = 543;
| 
|   // work around unused variable warnings
|   ok |= (!success || bignum == 0LL || ubignum == 0uLL || newvar[0] == 'x'
| 	 || dynamic_array[ni.number - 1] != 543);
| 
|   return ok;
| }
| 
configure:4423: q++ -c99 -c -Vgcc/8.3.0,gcc_ntoaarch64le -std=c++11 -Y_cxx -Wc, -lpthread -D_LITTLE_ENDIAN  conftest.c >&5
cc: ignoring unexpected argument 99 after -c
conftest.c:63:3: error: #error "Compiler does not advertise C99 conformance"
 # error "Compiler does not advertise C99 conformance"
   ^~~~~
conftest.c:25:17: error: 'p' was not declared in this scope
 static char *e (p, i)
                 ^
conftest.c:25:20: error: 'i' was not declared in this scope
 static char *e (p, i)
                    ^
conftest.c:25:21: error: expression list treated as compound expression in initializer [-fpermissive]
 static char *e (p, i)
                     ^
conftest.c:28:1: error: expected unqualified-id before '{' token
 {
 ^
conftest.c:118:29: error: expected ',' or '...' before 'text'
 test_restrict (ccp restrict text)
                             ^~~~
conftest.c: In function 'int test_restrict(ccp)':
conftest.c:123:30: error: 'text' was not declared in this scope
   for (unsigned int i = 0; *(text+i) != '\0'; ++i)
                              ^~~~
conftest.c:123:30: note: suggested alternative: 'test'
   for (unsigned int i = 0; *(text+i) != '\0'; ++i)
                              ^~~~
                              test
conftest.c: In function 'int main(int, char**)':
conftest.c:170:24: error: cannot convert 'char*' to 'char* (*)(char**, int)'
 ok |= (argc == 0 || f (e, argv, 0) != argv[0] || f (e, argv, 1) != argv[1]);
                        ^
conftest.c:31:26: note:   initializing argument 1 of 'char* f(char* (*)(char**, int), char**, ...)'
 static char *f (char * (*g) (char **, int), char **p, ...)
                 ~~~~~~~~~^~~~~~~~~~~~~~~~~
conftest.c:170:53: error: cannot convert 'char*' to 'char* (*)(char**, int)'
 ok |= (argc == 0 || f (e, argv, 0) != argv[0] || f (e, argv, 1) != argv[1]);
                                                     ^
conftest.c:31:26: note:   initializing argument 1 of 'char* f(char* (*)(char**, int), char**, ...)'
 static char *f (char * (*g) (char **, int), char **p, ...)
                 ~~~~~~~~~^~~~~~~~~~~~~~~~~
conftest.c:174:3: error: '_Bool' was not declared in this scope
   _Bool success = false;
   ^~~~~
conftest.c:174:3: note: suggested alternative: 'bool'
   _Bool success = false;
   ^~~~~
   bool
conftest.c:175:3: error: 'success' was not declared in this scope
   success |= (argc != 0);
   ^~~~~~~
conftest.c:180:18: error: expected initializer before 'newvar'
   char *restrict newvar = "Another string";
                  ^~~~~~
conftest.c:188:12: error: invalid conversion from 'void*' to 'incomplete_array*' [-fpermissive]
     malloc (sizeof (struct incomplete_array) + (sizeof (double) * 10));
     ~~~~~~~^~~~~~~~~~~~~~~~~~~~~~~~~~~~~~~~~~~~~~~~~~~~~~~~~~~~~~~~~~~
conftest.c:207:58: error: 'newvar' was not declared in this scope
   ok |= (!success || bignum == 0LL || ubignum == 0uLL || newvar[0] == 'x'
                                                          ^~~~~~
configure:4423: $? = 1
configure: failed program was:
| /* confdefs.h */
| #define PACKAGE_NAME "asio"
| #define PACKAGE_TARNAME "asio"
| #define PACKAGE_VERSION "1.24.0"
| #define PACKAGE_STRING "asio 1.24.0"
| #define PACKAGE_BUGREPORT ""
| #define PACKAGE_URL ""
| #define PACKAGE "asio"
| #define VERSION "1.24.0"
| /* end confdefs.h.  */
| 
| /* Does the compiler advertise C89 conformance?
|    Do not test the value of __STDC__, because some compilers set it to 0
|    while being otherwise adequately conformant. */
| #if !defined __STDC__
| # error "Compiler does not advertise C89 conformance"
| #endif
| 
| #include <stddef.h>
| #include <stdarg.h>
| struct stat;
| /* Most of the following tests are stolen from RCS 5.7 src/conf.sh.  */
| struct buf { int x; };
| struct buf * (*rcsopen) (struct buf *, struct stat *, int);
| static char *e (p, i)
|      char **p;
|      int i;
| {
|   return p[i];
| }
| static char *f (char * (*g) (char **, int), char **p, ...)
| {
|   char *s;
|   va_list v;
|   va_start (v,p);
|   s = g (p, va_arg (v,int));
|   va_end (v);
|   return s;
| }
| 
| /* OSF 4.0 Compaq cc is some sort of almost-ANSI by default.  It has
|    function prototypes and stuff, but not \xHH hex character constants.
|    These do not provoke an error unfortunately, instead are silently treated
|    as an "x".  The following induces an error, until -std is added to get
|    proper ANSI mode.  Curiously \x00 != x always comes out true, for an
|    array size at least.  It is necessary to write \x00 == 0 to get something
|    that is true only with -std.  */
| int osf4_cc_array ['\x00' == 0 ? 1 : -1];
| 
| /* IBM C 6 for AIX is almost-ANSI by default, but it replaces macro parameters
|    inside strings and character constants.  */
| #define FOO(x) 'x'
| int xlc6_cc_array[FOO(a) == 'x' ? 1 : -1];
| 
| int test (int i, double x);
| struct s1 {int (*f) (int a);};
| struct s2 {int (*f) (double a);};
| int pairnames (int, char **, int *(*)(struct buf *, struct stat *, int),
|                int, int);
| 
| // Does the compiler advertise C99 conformance?
| #if !defined __STDC_VERSION__ || __STDC_VERSION__ < 199901L
| # error "Compiler does not advertise C99 conformance"
| #endif
| 
| #include <stdbool.h>
| extern int puts (const char *);
| extern int printf (const char *, ...);
| extern int dprintf (int, const char *, ...);
| extern void *malloc (size_t);
| 
| // Check varargs macros.  These examples are taken from C99 6.10.3.5.
| // dprintf is used instead of fprintf to avoid needing to declare
| // FILE and stderr.
| #define debug(...) dprintf (2, __VA_ARGS__)
| #define showlist(...) puts (#__VA_ARGS__)
| #define report(test,...) ((test) ? puts (#test) : printf (__VA_ARGS__))
| static void
| test_varargs_macros (void)
| {
|   int x = 1234;
|   int y = 5678;
|   debug ("Flag");
|   debug ("X = %d\n", x);
|   showlist (The first, second, and third items.);
|   report (x>y, "x is %d but y is %d", x, y);
| }
| 
| // Check long long types.
| #define BIG64 18446744073709551615ull
| #define BIG32 4294967295ul
| #define BIG_OK (BIG64 / BIG32 == 4294967297ull && BIG64 % BIG32 == 0)
| #if !BIG_OK
|   #error "your preprocessor is broken"
| #endif
| #if BIG_OK
| #else
|   #error "your preprocessor is broken"
| #endif
| static long long int bignum = -9223372036854775807LL;
| static unsigned long long int ubignum = BIG64;
| 
| struct incomplete_array
| {
|   int datasize;
|   double data[];
| };
| 
| struct named_init {
|   int number;
|   const wchar_t *name;
|   double average;
| };
| 
| typedef const char *ccp;
| 
| static inline int
| test_restrict (ccp restrict text)
| {
|   // See if C++-style comments work.
|   // Iterate through items via the restricted pointer.
|   // Also check for declarations in for loops.
|   for (unsigned int i = 0; *(text+i) != '\0'; ++i)
|     continue;
|   return 0;
| }
| 
| // Check varargs and va_copy.
| static bool
| test_varargs (const char *format, ...)
| {
|   va_list args;
|   va_start (args, format);
|   va_list args_copy;
|   va_copy (args_copy, args);
| 
|   const char *str = "";
|   int number = 0;
|   float fnumber = 0;
| 
|   while (*format)
|     {
|       switch (*format++)
| 	{
| 	case 's': // string
| 	  str = va_arg (args_copy, const char *);
| 	  break;
| 	case 'd': // int
| 	  number = va_arg (args_copy, int);
| 	  break;
| 	case 'f': // float
| 	  fnumber = va_arg (args_copy, double);
| 	  break;
| 	default:
| 	  break;
| 	}
|     }
|   va_end (args_copy);
|   va_end (args);
| 
|   return *str && number && fnumber;
| }
| 
| 
| int
| main (int argc, char **argv)
| {
|   int ok = 0;
|   
| ok |= (argc == 0 || f (e, argv, 0) != argv[0] || f (e, argv, 1) != argv[1]);
| 
|   
|   // Check bool.
|   _Bool success = false;
|   success |= (argc != 0);
| 
|   // Check restrict.
|   if (test_restrict ("String literal") == 0)
|     success = true;
|   char *restrict newvar = "Another string";
| 
|   // Check varargs.
|   success &= test_varargs ("s, d' f .", "string", 65, 34.234);
|   test_varargs_macros ();
| 
|   // Check flexible array members.
|   struct incomplete_array *ia =
|     malloc (sizeof (struct incomplete_array) + (sizeof (double) * 10));
|   ia->datasize = 10;
|   for (int i = 0; i < ia->datasize; ++i)
|     ia->data[i] = i * 1.234;
| 
|   // Check named initializers.
|   struct named_init ni = {
|     .number = 34,
|     .name = L"Test wide string",
|     .average = 543.34343,
|   };
| 
|   ni.number = 58;
| 
|   int dynamic_array[ni.number];
|   dynamic_array[0] = argv[0][0];
|   dynamic_array[ni.number - 1] = 543;
| 
|   // work around unused variable warnings
|   ok |= (!success || bignum == 0LL || ubignum == 0uLL || newvar[0] == 'x'
| 	 || dynamic_array[ni.number - 1] != 543);
| 
|   return ok;
| }
| 
configure:4423: q++ -qlanglvl=extc1x -c -Vgcc/8.3.0,gcc_ntoaarch64le -std=c++11 -Y_cxx -Wc, -lpthread -D_LITTLE_ENDIAN  conftest.c >&5
cc: unknown option: '-qlanglvl=extc1x'
configure:4423: $? = 1
configure: failed program was:
| /* confdefs.h */
| #define PACKAGE_NAME "asio"
| #define PACKAGE_TARNAME "asio"
| #define PACKAGE_VERSION "1.24.0"
| #define PACKAGE_STRING "asio 1.24.0"
| #define PACKAGE_BUGREPORT ""
| #define PACKAGE_URL ""
| #define PACKAGE "asio"
| #define VERSION "1.24.0"
| /* end confdefs.h.  */
| 
| /* Does the compiler advertise C89 conformance?
|    Do not test the value of __STDC__, because some compilers set it to 0
|    while being otherwise adequately conformant. */
| #if !defined __STDC__
| # error "Compiler does not advertise C89 conformance"
| #endif
| 
| #include <stddef.h>
| #include <stdarg.h>
| struct stat;
| /* Most of the following tests are stolen from RCS 5.7 src/conf.sh.  */
| struct buf { int x; };
| struct buf * (*rcsopen) (struct buf *, struct stat *, int);
| static char *e (p, i)
|      char **p;
|      int i;
| {
|   return p[i];
| }
| static char *f (char * (*g) (char **, int), char **p, ...)
| {
|   char *s;
|   va_list v;
|   va_start (v,p);
|   s = g (p, va_arg (v,int));
|   va_end (v);
|   return s;
| }
| 
| /* OSF 4.0 Compaq cc is some sort of almost-ANSI by default.  It has
|    function prototypes and stuff, but not \xHH hex character constants.
|    These do not provoke an error unfortunately, instead are silently treated
|    as an "x".  The following induces an error, until -std is added to get
|    proper ANSI mode.  Curiously \x00 != x always comes out true, for an
|    array size at least.  It is necessary to write \x00 == 0 to get something
|    that is true only with -std.  */
| int osf4_cc_array ['\x00' == 0 ? 1 : -1];
| 
| /* IBM C 6 for AIX is almost-ANSI by default, but it replaces macro parameters
|    inside strings and character constants.  */
| #define FOO(x) 'x'
| int xlc6_cc_array[FOO(a) == 'x' ? 1 : -1];
| 
| int test (int i, double x);
| struct s1 {int (*f) (int a);};
| struct s2 {int (*f) (double a);};
| int pairnames (int, char **, int *(*)(struct buf *, struct stat *, int),
|                int, int);
| 
| // Does the compiler advertise C99 conformance?
| #if !defined __STDC_VERSION__ || __STDC_VERSION__ < 199901L
| # error "Compiler does not advertise C99 conformance"
| #endif
| 
| #include <stdbool.h>
| extern int puts (const char *);
| extern int printf (const char *, ...);
| extern int dprintf (int, const char *, ...);
| extern void *malloc (size_t);
| 
| // Check varargs macros.  These examples are taken from C99 6.10.3.5.
| // dprintf is used instead of fprintf to avoid needing to declare
| // FILE and stderr.
| #define debug(...) dprintf (2, __VA_ARGS__)
| #define showlist(...) puts (#__VA_ARGS__)
| #define report(test,...) ((test) ? puts (#test) : printf (__VA_ARGS__))
| static void
| test_varargs_macros (void)
| {
|   int x = 1234;
|   int y = 5678;
|   debug ("Flag");
|   debug ("X = %d\n", x);
|   showlist (The first, second, and third items.);
|   report (x>y, "x is %d but y is %d", x, y);
| }
| 
| // Check long long types.
| #define BIG64 18446744073709551615ull
| #define BIG32 4294967295ul
| #define BIG_OK (BIG64 / BIG32 == 4294967297ull && BIG64 % BIG32 == 0)
| #if !BIG_OK
|   #error "your preprocessor is broken"
| #endif
| #if BIG_OK
| #else
|   #error "your preprocessor is broken"
| #endif
| static long long int bignum = -9223372036854775807LL;
| static unsigned long long int ubignum = BIG64;
| 
| struct incomplete_array
| {
|   int datasize;
|   double data[];
| };
| 
| struct named_init {
|   int number;
|   const wchar_t *name;
|   double average;
| };
| 
| typedef const char *ccp;
| 
| static inline int
| test_restrict (ccp restrict text)
| {
|   // See if C++-style comments work.
|   // Iterate through items via the restricted pointer.
|   // Also check for declarations in for loops.
|   for (unsigned int i = 0; *(text+i) != '\0'; ++i)
|     continue;
|   return 0;
| }
| 
| // Check varargs and va_copy.
| static bool
| test_varargs (const char *format, ...)
| {
|   va_list args;
|   va_start (args, format);
|   va_list args_copy;
|   va_copy (args_copy, args);
| 
|   const char *str = "";
|   int number = 0;
|   float fnumber = 0;
| 
|   while (*format)
|     {
|       switch (*format++)
| 	{
| 	case 's': // string
| 	  str = va_arg (args_copy, const char *);
| 	  break;
| 	case 'd': // int
| 	  number = va_arg (args_copy, int);
| 	  break;
| 	case 'f': // float
| 	  fnumber = va_arg (args_copy, double);
| 	  break;
| 	default:
| 	  break;
| 	}
|     }
|   va_end (args_copy);
|   va_end (args);
| 
|   return *str && number && fnumber;
| }
| 
| 
| int
| main (int argc, char **argv)
| {
|   int ok = 0;
|   
| ok |= (argc == 0 || f (e, argv, 0) != argv[0] || f (e, argv, 1) != argv[1]);
| 
|   
|   // Check bool.
|   _Bool success = false;
|   success |= (argc != 0);
| 
|   // Check restrict.
|   if (test_restrict ("String literal") == 0)
|     success = true;
|   char *restrict newvar = "Another string";
| 
|   // Check varargs.
|   success &= test_varargs ("s, d' f .", "string", 65, 34.234);
|   test_varargs_macros ();
| 
|   // Check flexible array members.
|   struct incomplete_array *ia =
|     malloc (sizeof (struct incomplete_array) + (sizeof (double) * 10));
|   ia->datasize = 10;
|   for (int i = 0; i < ia->datasize; ++i)
|     ia->data[i] = i * 1.234;
| 
|   // Check named initializers.
|   struct named_init ni = {
|     .number = 34,
|     .name = L"Test wide string",
|     .average = 543.34343,
|   };
| 
|   ni.number = 58;
| 
|   int dynamic_array[ni.number];
|   dynamic_array[0] = argv[0][0];
|   dynamic_array[ni.number - 1] = 543;
| 
|   // work around unused variable warnings
|   ok |= (!success || bignum == 0LL || ubignum == 0uLL || newvar[0] == 'x'
| 	 || dynamic_array[ni.number - 1] != 543);
| 
|   return ok;
| }
| 
configure:4423: q++ -qlanglvl=extc99 -c -Vgcc/8.3.0,gcc_ntoaarch64le -std=c++11 -Y_cxx -Wc, -lpthread -D_LITTLE_ENDIAN  conftest.c >&5
cc: unknown option: '-qlanglvl=extc99'
configure:4423: $? = 1
configure: failed program was:
| /* confdefs.h */
| #define PACKAGE_NAME "asio"
| #define PACKAGE_TARNAME "asio"
| #define PACKAGE_VERSION "1.24.0"
| #define PACKAGE_STRING "asio 1.24.0"
| #define PACKAGE_BUGREPORT ""
| #define PACKAGE_URL ""
| #define PACKAGE "asio"
| #define VERSION "1.24.0"
| /* end confdefs.h.  */
| 
| /* Does the compiler advertise C89 conformance?
|    Do not test the value of __STDC__, because some compilers set it to 0
|    while being otherwise adequately conformant. */
| #if !defined __STDC__
| # error "Compiler does not advertise C89 conformance"
| #endif
| 
| #include <stddef.h>
| #include <stdarg.h>
| struct stat;
| /* Most of the following tests are stolen from RCS 5.7 src/conf.sh.  */
| struct buf { int x; };
| struct buf * (*rcsopen) (struct buf *, struct stat *, int);
| static char *e (p, i)
|      char **p;
|      int i;
| {
|   return p[i];
| }
| static char *f (char * (*g) (char **, int), char **p, ...)
| {
|   char *s;
|   va_list v;
|   va_start (v,p);
|   s = g (p, va_arg (v,int));
|   va_end (v);
|   return s;
| }
| 
| /* OSF 4.0 Compaq cc is some sort of almost-ANSI by default.  It has
|    function prototypes and stuff, but not \xHH hex character constants.
|    These do not provoke an error unfortunately, instead are silently treated
|    as an "x".  The following induces an error, until -std is added to get
|    proper ANSI mode.  Curiously \x00 != x always comes out true, for an
|    array size at least.  It is necessary to write \x00 == 0 to get something
|    that is true only with -std.  */
| int osf4_cc_array ['\x00' == 0 ? 1 : -1];
| 
| /* IBM C 6 for AIX is almost-ANSI by default, but it replaces macro parameters
|    inside strings and character constants.  */
| #define FOO(x) 'x'
| int xlc6_cc_array[FOO(a) == 'x' ? 1 : -1];
| 
| int test (int i, double x);
| struct s1 {int (*f) (int a);};
| struct s2 {int (*f) (double a);};
| int pairnames (int, char **, int *(*)(struct buf *, struct stat *, int),
|                int, int);
| 
| // Does the compiler advertise C99 conformance?
| #if !defined __STDC_VERSION__ || __STDC_VERSION__ < 199901L
| # error "Compiler does not advertise C99 conformance"
| #endif
| 
| #include <stdbool.h>
| extern int puts (const char *);
| extern int printf (const char *, ...);
| extern int dprintf (int, const char *, ...);
| extern void *malloc (size_t);
| 
| // Check varargs macros.  These examples are taken from C99 6.10.3.5.
| // dprintf is used instead of fprintf to avoid needing to declare
| // FILE and stderr.
| #define debug(...) dprintf (2, __VA_ARGS__)
| #define showlist(...) puts (#__VA_ARGS__)
| #define report(test,...) ((test) ? puts (#test) : printf (__VA_ARGS__))
| static void
| test_varargs_macros (void)
| {
|   int x = 1234;
|   int y = 5678;
|   debug ("Flag");
|   debug ("X = %d\n", x);
|   showlist (The first, second, and third items.);
|   report (x>y, "x is %d but y is %d", x, y);
| }
| 
| // Check long long types.
| #define BIG64 18446744073709551615ull
| #define BIG32 4294967295ul
| #define BIG_OK (BIG64 / BIG32 == 4294967297ull && BIG64 % BIG32 == 0)
| #if !BIG_OK
|   #error "your preprocessor is broken"
| #endif
| #if BIG_OK
| #else
|   #error "your preprocessor is broken"
| #endif
| static long long int bignum = -9223372036854775807LL;
| static unsigned long long int ubignum = BIG64;
| 
| struct incomplete_array
| {
|   int datasize;
|   double data[];
| };
| 
| struct named_init {
|   int number;
|   const wchar_t *name;
|   double average;
| };
| 
| typedef const char *ccp;
| 
| static inline int
| test_restrict (ccp restrict text)
| {
|   // See if C++-style comments work.
|   // Iterate through items via the restricted pointer.
|   // Also check for declarations in for loops.
|   for (unsigned int i = 0; *(text+i) != '\0'; ++i)
|     continue;
|   return 0;
| }
| 
| // Check varargs and va_copy.
| static bool
| test_varargs (const char *format, ...)
| {
|   va_list args;
|   va_start (args, format);
|   va_list args_copy;
|   va_copy (args_copy, args);
| 
|   const char *str = "";
|   int number = 0;
|   float fnumber = 0;
| 
|   while (*format)
|     {
|       switch (*format++)
| 	{
| 	case 's': // string
| 	  str = va_arg (args_copy, const char *);
| 	  break;
| 	case 'd': // int
| 	  number = va_arg (args_copy, int);
| 	  break;
| 	case 'f': // float
| 	  fnumber = va_arg (args_copy, double);
| 	  break;
| 	default:
| 	  break;
| 	}
|     }
|   va_end (args_copy);
|   va_end (args);
| 
|   return *str && number && fnumber;
| }
| 
| 
| int
| main (int argc, char **argv)
| {
|   int ok = 0;
|   
| ok |= (argc == 0 || f (e, argv, 0) != argv[0] || f (e, argv, 1) != argv[1]);
| 
|   
|   // Check bool.
|   _Bool success = false;
|   success |= (argc != 0);
| 
|   // Check restrict.
|   if (test_restrict ("String literal") == 0)
|     success = true;
|   char *restrict newvar = "Another string";
| 
|   // Check varargs.
|   success &= test_varargs ("s, d' f .", "string", 65, 34.234);
|   test_varargs_macros ();
| 
|   // Check flexible array members.
|   struct incomplete_array *ia =
|     malloc (sizeof (struct incomplete_array) + (sizeof (double) * 10));
|   ia->datasize = 10;
|   for (int i = 0; i < ia->datasize; ++i)
|     ia->data[i] = i * 1.234;
| 
|   // Check named initializers.
|   struct named_init ni = {
|     .number = 34,
|     .name = L"Test wide string",
|     .average = 543.34343,
|   };
| 
|   ni.number = 58;
| 
|   int dynamic_array[ni.number];
|   dynamic_array[0] = argv[0][0];
|   dynamic_array[ni.number - 1] = 543;
| 
|   // work around unused variable warnings
|   ok |= (!success || bignum == 0LL || ubignum == 0uLL || newvar[0] == 'x'
| 	 || dynamic_array[ni.number - 1] != 543);
| 
|   return ok;
| }
| 
configure:4423: q++ -AC99 -c -Vgcc/8.3.0,gcc_ntoaarch64le -std=c++11 -Y_cxx -Wc, -lpthread -D_LITTLE_ENDIAN  conftest.c >&5
/home/yacine/qnx710/host/linux/x86_64/usr/bin/aarch64-unknown-nto-qnx7.1.0-ar: creating C99.a
/home/yacine/qnx710/host/linux/x86_64/usr/bin/aarch64-unknown-nto-qnx7.1.0-ar: conftest.c@a: No such file or directory
configure:4423: $? = 1
configure: failed program was:
| /* confdefs.h */
| #define PACKAGE_NAME "asio"
| #define PACKAGE_TARNAME "asio"
| #define PACKAGE_VERSION "1.24.0"
| #define PACKAGE_STRING "asio 1.24.0"
| #define PACKAGE_BUGREPORT ""
| #define PACKAGE_URL ""
| #define PACKAGE "asio"
| #define VERSION "1.24.0"
| /* end confdefs.h.  */
| 
| /* Does the compiler advertise C89 conformance?
|    Do not test the value of __STDC__, because some compilers set it to 0
|    while being otherwise adequately conformant. */
| #if !defined __STDC__
| # error "Compiler does not advertise C89 conformance"
| #endif
| 
| #include <stddef.h>
| #include <stdarg.h>
| struct stat;
| /* Most of the following tests are stolen from RCS 5.7 src/conf.sh.  */
| struct buf { int x; };
| struct buf * (*rcsopen) (struct buf *, struct stat *, int);
| static char *e (p, i)
|      char **p;
|      int i;
| {
|   return p[i];
| }
| static char *f (char * (*g) (char **, int), char **p, ...)
| {
|   char *s;
|   va_list v;
|   va_start (v,p);
|   s = g (p, va_arg (v,int));
|   va_end (v);
|   return s;
| }
| 
| /* OSF 4.0 Compaq cc is some sort of almost-ANSI by default.  It has
|    function prototypes and stuff, but not \xHH hex character constants.
|    These do not provoke an error unfortunately, instead are silently treated
|    as an "x".  The following induces an error, until -std is added to get
|    proper ANSI mode.  Curiously \x00 != x always comes out true, for an
|    array size at least.  It is necessary to write \x00 == 0 to get something
|    that is true only with -std.  */
| int osf4_cc_array ['\x00' == 0 ? 1 : -1];
| 
| /* IBM C 6 for AIX is almost-ANSI by default, but it replaces macro parameters
|    inside strings and character constants.  */
| #define FOO(x) 'x'
| int xlc6_cc_array[FOO(a) == 'x' ? 1 : -1];
| 
| int test (int i, double x);
| struct s1 {int (*f) (int a);};
| struct s2 {int (*f) (double a);};
| int pairnames (int, char **, int *(*)(struct buf *, struct stat *, int),
|                int, int);
| 
| // Does the compiler advertise C99 conformance?
| #if !defined __STDC_VERSION__ || __STDC_VERSION__ < 199901L
| # error "Compiler does not advertise C99 conformance"
| #endif
| 
| #include <stdbool.h>
| extern int puts (const char *);
| extern int printf (const char *, ...);
| extern int dprintf (int, const char *, ...);
| extern void *malloc (size_t);
| 
| // Check varargs macros.  These examples are taken from C99 6.10.3.5.
| // dprintf is used instead of fprintf to avoid needing to declare
| // FILE and stderr.
| #define debug(...) dprintf (2, __VA_ARGS__)
| #define showlist(...) puts (#__VA_ARGS__)
| #define report(test,...) ((test) ? puts (#test) : printf (__VA_ARGS__))
| static void
| test_varargs_macros (void)
| {
|   int x = 1234;
|   int y = 5678;
|   debug ("Flag");
|   debug ("X = %d\n", x);
|   showlist (The first, second, and third items.);
|   report (x>y, "x is %d but y is %d", x, y);
| }
| 
| // Check long long types.
| #define BIG64 18446744073709551615ull
| #define BIG32 4294967295ul
| #define BIG_OK (BIG64 / BIG32 == 4294967297ull && BIG64 % BIG32 == 0)
| #if !BIG_OK
|   #error "your preprocessor is broken"
| #endif
| #if BIG_OK
| #else
|   #error "your preprocessor is broken"
| #endif
| static long long int bignum = -9223372036854775807LL;
| static unsigned long long int ubignum = BIG64;
| 
| struct incomplete_array
| {
|   int datasize;
|   double data[];
| };
| 
| struct named_init {
|   int number;
|   const wchar_t *name;
|   double average;
| };
| 
| typedef const char *ccp;
| 
| static inline int
| test_restrict (ccp restrict text)
| {
|   // See if C++-style comments work.
|   // Iterate through items via the restricted pointer.
|   // Also check for declarations in for loops.
|   for (unsigned int i = 0; *(text+i) != '\0'; ++i)
|     continue;
|   return 0;
| }
| 
| // Check varargs and va_copy.
| static bool
| test_varargs (const char *format, ...)
| {
|   va_list args;
|   va_start (args, format);
|   va_list args_copy;
|   va_copy (args_copy, args);
| 
|   const char *str = "";
|   int number = 0;
|   float fnumber = 0;
| 
|   while (*format)
|     {
|       switch (*format++)
| 	{
| 	case 's': // string
| 	  str = va_arg (args_copy, const char *);
| 	  break;
| 	case 'd': // int
| 	  number = va_arg (args_copy, int);
| 	  break;
| 	case 'f': // float
| 	  fnumber = va_arg (args_copy, double);
| 	  break;
| 	default:
| 	  break;
| 	}
|     }
|   va_end (args_copy);
|   va_end (args);
| 
|   return *str && number && fnumber;
| }
| 
| 
| int
| main (int argc, char **argv)
| {
|   int ok = 0;
|   
| ok |= (argc == 0 || f (e, argv, 0) != argv[0] || f (e, argv, 1) != argv[1]);
| 
|   
|   // Check bool.
|   _Bool success = false;
|   success |= (argc != 0);
| 
|   // Check restrict.
|   if (test_restrict ("String literal") == 0)
|     success = true;
|   char *restrict newvar = "Another string";
| 
|   // Check varargs.
|   success &= test_varargs ("s, d' f .", "string", 65, 34.234);
|   test_varargs_macros ();
| 
|   // Check flexible array members.
|   struct incomplete_array *ia =
|     malloc (sizeof (struct incomplete_array) + (sizeof (double) * 10));
|   ia->datasize = 10;
|   for (int i = 0; i < ia->datasize; ++i)
|     ia->data[i] = i * 1.234;
| 
|   // Check named initializers.
|   struct named_init ni = {
|     .number = 34,
|     .name = L"Test wide string",
|     .average = 543.34343,
|   };
| 
|   ni.number = 58;
| 
|   int dynamic_array[ni.number];
|   dynamic_array[0] = argv[0][0];
|   dynamic_array[ni.number - 1] = 543;
| 
|   // work around unused variable warnings
|   ok |= (!success || bignum == 0LL || ubignum == 0uLL || newvar[0] == 'x'
| 	 || dynamic_array[ni.number - 1] != 543);
| 
|   return ok;
| }
| 
configure:4423: q++ -D_STDC_C99= -c -Vgcc/8.3.0,gcc_ntoaarch64le -std=c++11 -Y_cxx -Wc, -lpthread -D_LITTLE_ENDIAN  conftest.c >&5
conftest.c:63:3: error: #error "Compiler does not advertise C99 conformance"
 # error "Compiler does not advertise C99 conformance"
   ^~~~~
conftest.c:25:17: error: 'p' was not declared in this scope
 static char *e (p, i)
                 ^
conftest.c:25:20: error: 'i' was not declared in this scope
 static char *e (p, i)
                    ^
conftest.c:25:21: error: expression list treated as compound expression in initializer [-fpermissive]
 static char *e (p, i)
                     ^
conftest.c:28:1: error: expected unqualified-id before '{' token
 {
 ^
conftest.c:118:29: error: expected ',' or '...' before 'text'
 test_restrict (ccp restrict text)
                             ^~~~
conftest.c: In function 'int test_restrict(ccp)':
conftest.c:123:30: error: 'text' was not declared in this scope
   for (unsigned int i = 0; *(text+i) != '\0'; ++i)
                              ^~~~
conftest.c:123:30: note: suggested alternative: 'test'
   for (unsigned int i = 0; *(text+i) != '\0'; ++i)
                              ^~~~
                              test
conftest.c: In function 'int main(int, char**)':
conftest.c:170:24: error: cannot convert 'char*' to 'char* (*)(char**, int)'
 ok |= (argc == 0 || f (e, argv, 0) != argv[0] || f (e, argv, 1) != argv[1]);
                        ^
conftest.c:31:26: note:   initializing argument 1 of 'char* f(char* (*)(char**, int), char**, ...)'
 static char *f (char * (*g) (char **, int), char **p, ...)
                 ~~~~~~~~~^~~~~~~~~~~~~~~~~
conftest.c:170:53: error: cannot convert 'char*' to 'char* (*)(char**, int)'
 ok |= (argc == 0 || f (e, argv, 0) != argv[0] || f (e, argv, 1) != argv[1]);
                                                     ^
conftest.c:31:26: note:   initializing argument 1 of 'char* f(char* (*)(char**, int), char**, ...)'
 static char *f (char * (*g) (char **, int), char **p, ...)
                 ~~~~~~~~~^~~~~~~~~~~~~~~~~
conftest.c:174:3: error: '_Bool' was not declared in this scope
   _Bool success = false;
   ^~~~~
conftest.c:174:3: note: suggested alternative: 'bool'
   _Bool success = false;
   ^~~~~
   bool
conftest.c:175:3: error: 'success' was not declared in this scope
   success |= (argc != 0);
   ^~~~~~~
conftest.c:180:18: error: expected initializer before 'newvar'
   char *restrict newvar = "Another string";
                  ^~~~~~
conftest.c:188:12: error: invalid conversion from 'void*' to 'incomplete_array*' [-fpermissive]
     malloc (sizeof (struct incomplete_array) + (sizeof (double) * 10));
     ~~~~~~~^~~~~~~~~~~~~~~~~~~~~~~~~~~~~~~~~~~~~~~~~~~~~~~~~~~~~~~~~~~
conftest.c:207:58: error: 'newvar' was not declared in this scope
   ok |= (!success || bignum == 0LL || ubignum == 0uLL || newvar[0] == 'x'
                                                          ^~~~~~
configure:4423: $? = 1
configure: failed program was:
| /* confdefs.h */
| #define PACKAGE_NAME "asio"
| #define PACKAGE_TARNAME "asio"
| #define PACKAGE_VERSION "1.24.0"
| #define PACKAGE_STRING "asio 1.24.0"
| #define PACKAGE_BUGREPORT ""
| #define PACKAGE_URL ""
| #define PACKAGE "asio"
| #define VERSION "1.24.0"
| /* end confdefs.h.  */
| 
| /* Does the compiler advertise C89 conformance?
|    Do not test the value of __STDC__, because some compilers set it to 0
|    while being otherwise adequately conformant. */
| #if !defined __STDC__
| # error "Compiler does not advertise C89 conformance"
| #endif
| 
| #include <stddef.h>
| #include <stdarg.h>
| struct stat;
| /* Most of the following tests are stolen from RCS 5.7 src/conf.sh.  */
| struct buf { int x; };
| struct buf * (*rcsopen) (struct buf *, struct stat *, int);
| static char *e (p, i)
|      char **p;
|      int i;
| {
|   return p[i];
| }
| static char *f (char * (*g) (char **, int), char **p, ...)
| {
|   char *s;
|   va_list v;
|   va_start (v,p);
|   s = g (p, va_arg (v,int));
|   va_end (v);
|   return s;
| }
| 
| /* OSF 4.0 Compaq cc is some sort of almost-ANSI by default.  It has
|    function prototypes and stuff, but not \xHH hex character constants.
|    These do not provoke an error unfortunately, instead are silently treated
|    as an "x".  The following induces an error, until -std is added to get
|    proper ANSI mode.  Curiously \x00 != x always comes out true, for an
|    array size at least.  It is necessary to write \x00 == 0 to get something
|    that is true only with -std.  */
| int osf4_cc_array ['\x00' == 0 ? 1 : -1];
| 
| /* IBM C 6 for AIX is almost-ANSI by default, but it replaces macro parameters
|    inside strings and character constants.  */
| #define FOO(x) 'x'
| int xlc6_cc_array[FOO(a) == 'x' ? 1 : -1];
| 
| int test (int i, double x);
| struct s1 {int (*f) (int a);};
| struct s2 {int (*f) (double a);};
| int pairnames (int, char **, int *(*)(struct buf *, struct stat *, int),
|                int, int);
| 
| // Does the compiler advertise C99 conformance?
| #if !defined __STDC_VERSION__ || __STDC_VERSION__ < 199901L
| # error "Compiler does not advertise C99 conformance"
| #endif
| 
| #include <stdbool.h>
| extern int puts (const char *);
| extern int printf (const char *, ...);
| extern int dprintf (int, const char *, ...);
| extern void *malloc (size_t);
| 
| // Check varargs macros.  These examples are taken from C99 6.10.3.5.
| // dprintf is used instead of fprintf to avoid needing to declare
| // FILE and stderr.
| #define debug(...) dprintf (2, __VA_ARGS__)
| #define showlist(...) puts (#__VA_ARGS__)
| #define report(test,...) ((test) ? puts (#test) : printf (__VA_ARGS__))
| static void
| test_varargs_macros (void)
| {
|   int x = 1234;
|   int y = 5678;
|   debug ("Flag");
|   debug ("X = %d\n", x);
|   showlist (The first, second, and third items.);
|   report (x>y, "x is %d but y is %d", x, y);
| }
| 
| // Check long long types.
| #define BIG64 18446744073709551615ull
| #define BIG32 4294967295ul
| #define BIG_OK (BIG64 / BIG32 == 4294967297ull && BIG64 % BIG32 == 0)
| #if !BIG_OK
|   #error "your preprocessor is broken"
| #endif
| #if BIG_OK
| #else
|   #error "your preprocessor is broken"
| #endif
| static long long int bignum = -9223372036854775807LL;
| static unsigned long long int ubignum = BIG64;
| 
| struct incomplete_array
| {
|   int datasize;
|   double data[];
| };
| 
| struct named_init {
|   int number;
|   const wchar_t *name;
|   double average;
| };
| 
| typedef const char *ccp;
| 
| static inline int
| test_restrict (ccp restrict text)
| {
|   // See if C++-style comments work.
|   // Iterate through items via the restricted pointer.
|   // Also check for declarations in for loops.
|   for (unsigned int i = 0; *(text+i) != '\0'; ++i)
|     continue;
|   return 0;
| }
| 
| // Check varargs and va_copy.
| static bool
| test_varargs (const char *format, ...)
| {
|   va_list args;
|   va_start (args, format);
|   va_list args_copy;
|   va_copy (args_copy, args);
| 
|   const char *str = "";
|   int number = 0;
|   float fnumber = 0;
| 
|   while (*format)
|     {
|       switch (*format++)
| 	{
| 	case 's': // string
| 	  str = va_arg (args_copy, const char *);
| 	  break;
| 	case 'd': // int
| 	  number = va_arg (args_copy, int);
| 	  break;
| 	case 'f': // float
| 	  fnumber = va_arg (args_copy, double);
| 	  break;
| 	default:
| 	  break;
| 	}
|     }
|   va_end (args_copy);
|   va_end (args);
| 
|   return *str && number && fnumber;
| }
| 
| 
| int
| main (int argc, char **argv)
| {
|   int ok = 0;
|   
| ok |= (argc == 0 || f (e, argv, 0) != argv[0] || f (e, argv, 1) != argv[1]);
| 
|   
|   // Check bool.
|   _Bool success = false;
|   success |= (argc != 0);
| 
|   // Check restrict.
|   if (test_restrict ("String literal") == 0)
|     success = true;
|   char *restrict newvar = "Another string";
| 
|   // Check varargs.
|   success &= test_varargs ("s, d' f .", "string", 65, 34.234);
|   test_varargs_macros ();
| 
|   // Check flexible array members.
|   struct incomplete_array *ia =
|     malloc (sizeof (struct incomplete_array) + (sizeof (double) * 10));
|   ia->datasize = 10;
|   for (int i = 0; i < ia->datasize; ++i)
|     ia->data[i] = i * 1.234;
| 
|   // Check named initializers.
|   struct named_init ni = {
|     .number = 34,
|     .name = L"Test wide string",
|     .average = 543.34343,
|   };
| 
|   ni.number = 58;
| 
|   int dynamic_array[ni.number];
|   dynamic_array[0] = argv[0][0];
|   dynamic_array[ni.number - 1] = 543;
| 
|   // work around unused variable warnings
|   ok |= (!success || bignum == 0LL || ubignum == 0uLL || newvar[0] == 'x'
| 	 || dynamic_array[ni.number - 1] != 543);
| 
|   return ok;
| }
| 
configure:4436: result: unsupported
configure:4454: checking for q++ option to enable C89 features
configure:4469: q++  -c -Vgcc/8.3.0,gcc_ntoaarch64le -std=c++11 -Y_cxx -Wc, -lpthread -D_LITTLE_ENDIAN  conftest.c >&5
conftest.c:25:17: error: 'p' was not declared in this scope
 static char *e (p, i)
                 ^
conftest.c:25:20: error: 'i' was not declared in this scope
 static char *e (p, i)
                    ^
conftest.c:25:21: error: expression list treated as compound expression in initializer [-fpermissive]
 static char *e (p, i)
                     ^
conftest.c:28:1: error: expected unqualified-id before '{' token
 {
 ^
conftest.c: In function 'int main(int, char**)':
conftest.c:66:24: error: cannot convert 'char*' to 'char* (*)(char**, int)'
 ok |= (argc == 0 || f (e, argv, 0) != argv[0] || f (e, argv, 1) != argv[1]);
                        ^
conftest.c:31:26: note:   initializing argument 1 of 'char* f(char* (*)(char**, int), char**, ...)'
 static char *f (char * (*g) (char **, int), char **p, ...)
                 ~~~~~~~~~^~~~~~~~~~~~~~~~~
conftest.c:66:53: error: cannot convert 'char*' to 'char* (*)(char**, int)'
 ok |= (argc == 0 || f (e, argv, 0) != argv[0] || f (e, argv, 1) != argv[1]);
                                                     ^
conftest.c:31:26: note:   initializing argument 1 of 'char* f(char* (*)(char**, int), char**, ...)'
 static char *f (char * (*g) (char **, int), char **p, ...)
                 ~~~~~~~~~^~~~~~~~~~~~~~~~~
configure:4469: $? = 1
configure: failed program was:
| /* confdefs.h */
| #define PACKAGE_NAME "asio"
| #define PACKAGE_TARNAME "asio"
| #define PACKAGE_VERSION "1.24.0"
| #define PACKAGE_STRING "asio 1.24.0"
| #define PACKAGE_BUGREPORT ""
| #define PACKAGE_URL ""
| #define PACKAGE "asio"
| #define VERSION "1.24.0"
| /* end confdefs.h.  */
| 
| /* Does the compiler advertise C89 conformance?
|    Do not test the value of __STDC__, because some compilers set it to 0
|    while being otherwise adequately conformant. */
| #if !defined __STDC__
| # error "Compiler does not advertise C89 conformance"
| #endif
| 
| #include <stddef.h>
| #include <stdarg.h>
| struct stat;
| /* Most of the following tests are stolen from RCS 5.7 src/conf.sh.  */
| struct buf { int x; };
| struct buf * (*rcsopen) (struct buf *, struct stat *, int);
| static char *e (p, i)
|      char **p;
|      int i;
| {
|   return p[i];
| }
| static char *f (char * (*g) (char **, int), char **p, ...)
| {
|   char *s;
|   va_list v;
|   va_start (v,p);
|   s = g (p, va_arg (v,int));
|   va_end (v);
|   return s;
| }
| 
| /* OSF 4.0 Compaq cc is some sort of almost-ANSI by default.  It has
|    function prototypes and stuff, but not \xHH hex character constants.
|    These do not provoke an error unfortunately, instead are silently treated
|    as an "x".  The following induces an error, until -std is added to get
|    proper ANSI mode.  Curiously \x00 != x always comes out true, for an
|    array size at least.  It is necessary to write \x00 == 0 to get something
|    that is true only with -std.  */
| int osf4_cc_array ['\x00' == 0 ? 1 : -1];
| 
| /* IBM C 6 for AIX is almost-ANSI by default, but it replaces macro parameters
|    inside strings and character constants.  */
| #define FOO(x) 'x'
| int xlc6_cc_array[FOO(a) == 'x' ? 1 : -1];
| 
| int test (int i, double x);
| struct s1 {int (*f) (int a);};
| struct s2 {int (*f) (double a);};
| int pairnames (int, char **, int *(*)(struct buf *, struct stat *, int),
|                int, int);
| 
| int
| main (int argc, char **argv)
| {
|   int ok = 0;
|   
| ok |= (argc == 0 || f (e, argv, 0) != argv[0] || f (e, argv, 1) != argv[1]);
| 
|   return ok;
| }
| 
configure:4469: q++ -qlanglvl=extc89 -c -Vgcc/8.3.0,gcc_ntoaarch64le -std=c++11 -Y_cxx -Wc, -lpthread -D_LITTLE_ENDIAN  conftest.c >&5
cc: unknown option: '-qlanglvl=extc89'
configure:4469: $? = 1
configure: failed program was:
| /* confdefs.h */
| #define PACKAGE_NAME "asio"
| #define PACKAGE_TARNAME "asio"
| #define PACKAGE_VERSION "1.24.0"
| #define PACKAGE_STRING "asio 1.24.0"
| #define PACKAGE_BUGREPORT ""
| #define PACKAGE_URL ""
| #define PACKAGE "asio"
| #define VERSION "1.24.0"
| /* end confdefs.h.  */
| 
| /* Does the compiler advertise C89 conformance?
|    Do not test the value of __STDC__, because some compilers set it to 0
|    while being otherwise adequately conformant. */
| #if !defined __STDC__
| # error "Compiler does not advertise C89 conformance"
| #endif
| 
| #include <stddef.h>
| #include <stdarg.h>
| struct stat;
| /* Most of the following tests are stolen from RCS 5.7 src/conf.sh.  */
| struct buf { int x; };
| struct buf * (*rcsopen) (struct buf *, struct stat *, int);
| static char *e (p, i)
|      char **p;
|      int i;
| {
|   return p[i];
| }
| static char *f (char * (*g) (char **, int), char **p, ...)
| {
|   char *s;
|   va_list v;
|   va_start (v,p);
|   s = g (p, va_arg (v,int));
|   va_end (v);
|   return s;
| }
| 
| /* OSF 4.0 Compaq cc is some sort of almost-ANSI by default.  It has
|    function prototypes and stuff, but not \xHH hex character constants.
|    These do not provoke an error unfortunately, instead are silently treated
|    as an "x".  The following induces an error, until -std is added to get
|    proper ANSI mode.  Curiously \x00 != x always comes out true, for an
|    array size at least.  It is necessary to write \x00 == 0 to get something
|    that is true only with -std.  */
| int osf4_cc_array ['\x00' == 0 ? 1 : -1];
| 
| /* IBM C 6 for AIX is almost-ANSI by default, but it replaces macro parameters
|    inside strings and character constants.  */
| #define FOO(x) 'x'
| int xlc6_cc_array[FOO(a) == 'x' ? 1 : -1];
| 
| int test (int i, double x);
| struct s1 {int (*f) (int a);};
| struct s2 {int (*f) (double a);};
| int pairnames (int, char **, int *(*)(struct buf *, struct stat *, int),
|                int, int);
| 
| int
| main (int argc, char **argv)
| {
|   int ok = 0;
|   
| ok |= (argc == 0 || f (e, argv, 0) != argv[0] || f (e, argv, 1) != argv[1]);
| 
|   return ok;
| }
| 
configure:4469: q++ -qlanglvl=ansi -c -Vgcc/8.3.0,gcc_ntoaarch64le -std=c++11 -Y_cxx -Wc, -lpthread -D_LITTLE_ENDIAN  conftest.c >&5
cc: unknown option: '-qlanglvl=ansi'
configure:4469: $? = 1
configure: failed program was:
| /* confdefs.h */
| #define PACKAGE_NAME "asio"
| #define PACKAGE_TARNAME "asio"
| #define PACKAGE_VERSION "1.24.0"
| #define PACKAGE_STRING "asio 1.24.0"
| #define PACKAGE_BUGREPORT ""
| #define PACKAGE_URL ""
| #define PACKAGE "asio"
| #define VERSION "1.24.0"
| /* end confdefs.h.  */
| 
| /* Does the compiler advertise C89 conformance?
|    Do not test the value of __STDC__, because some compilers set it to 0
|    while being otherwise adequately conformant. */
| #if !defined __STDC__
| # error "Compiler does not advertise C89 conformance"
| #endif
| 
| #include <stddef.h>
| #include <stdarg.h>
| struct stat;
| /* Most of the following tests are stolen from RCS 5.7 src/conf.sh.  */
| struct buf { int x; };
| struct buf * (*rcsopen) (struct buf *, struct stat *, int);
| static char *e (p, i)
|      char **p;
|      int i;
| {
|   return p[i];
| }
| static char *f (char * (*g) (char **, int), char **p, ...)
| {
|   char *s;
|   va_list v;
|   va_start (v,p);
|   s = g (p, va_arg (v,int));
|   va_end (v);
|   return s;
| }
| 
| /* OSF 4.0 Compaq cc is some sort of almost-ANSI by default.  It has
|    function prototypes and stuff, but not \xHH hex character constants.
|    These do not provoke an error unfortunately, instead are silently treated
|    as an "x".  The following induces an error, until -std is added to get
|    proper ANSI mode.  Curiously \x00 != x always comes out true, for an
|    array size at least.  It is necessary to write \x00 == 0 to get something
|    that is true only with -std.  */
| int osf4_cc_array ['\x00' == 0 ? 1 : -1];
| 
| /* IBM C 6 for AIX is almost-ANSI by default, but it replaces macro parameters
|    inside strings and character constants.  */
| #define FOO(x) 'x'
| int xlc6_cc_array[FOO(a) == 'x' ? 1 : -1];
| 
| int test (int i, double x);
| struct s1 {int (*f) (int a);};
| struct s2 {int (*f) (double a);};
| int pairnames (int, char **, int *(*)(struct buf *, struct stat *, int),
|                int, int);
| 
| int
| main (int argc, char **argv)
| {
|   int ok = 0;
|   
| ok |= (argc == 0 || f (e, argv, 0) != argv[0] || f (e, argv, 1) != argv[1]);
| 
|   return ok;
| }
| 
configure:4469: q++ -std -c -Vgcc/8.3.0,gcc_ntoaarch64le -std=c++11 -Y_cxx -Wc, -lpthread -D_LITTLE_ENDIAN  conftest.c >&5
cc: unknown option: -std

configure:4469: $? = 1
configure: failed program was:
| /* confdefs.h */
| #define PACKAGE_NAME "asio"
| #define PACKAGE_TARNAME "asio"
| #define PACKAGE_VERSION "1.24.0"
| #define PACKAGE_STRING "asio 1.24.0"
| #define PACKAGE_BUGREPORT ""
| #define PACKAGE_URL ""
| #define PACKAGE "asio"
| #define VERSION "1.24.0"
| /* end confdefs.h.  */
| 
| /* Does the compiler advertise C89 conformance?
|    Do not test the value of __STDC__, because some compilers set it to 0
|    while being otherwise adequately conformant. */
| #if !defined __STDC__
| # error "Compiler does not advertise C89 conformance"
| #endif
| 
| #include <stddef.h>
| #include <stdarg.h>
| struct stat;
| /* Most of the following tests are stolen from RCS 5.7 src/conf.sh.  */
| struct buf { int x; };
| struct buf * (*rcsopen) (struct buf *, struct stat *, int);
| static char *e (p, i)
|      char **p;
|      int i;
| {
|   return p[i];
| }
| static char *f (char * (*g) (char **, int), char **p, ...)
| {
|   char *s;
|   va_list v;
|   va_start (v,p);
|   s = g (p, va_arg (v,int));
|   va_end (v);
|   return s;
| }
| 
| /* OSF 4.0 Compaq cc is some sort of almost-ANSI by default.  It has
|    function prototypes and stuff, but not \xHH hex character constants.
|    These do not provoke an error unfortunately, instead are silently treated
|    as an "x".  The following induces an error, until -std is added to get
|    proper ANSI mode.  Curiously \x00 != x always comes out true, for an
|    array size at least.  It is necessary to write \x00 == 0 to get something
|    that is true only with -std.  */
| int osf4_cc_array ['\x00' == 0 ? 1 : -1];
| 
| /* IBM C 6 for AIX is almost-ANSI by default, but it replaces macro parameters
|    inside strings and character constants.  */
| #define FOO(x) 'x'
| int xlc6_cc_array[FOO(a) == 'x' ? 1 : -1];
| 
| int test (int i, double x);
| struct s1 {int (*f) (int a);};
| struct s2 {int (*f) (double a);};
| int pairnames (int, char **, int *(*)(struct buf *, struct stat *, int),
|                int, int);
| 
| int
| main (int argc, char **argv)
| {
|   int ok = 0;
|   
| ok |= (argc == 0 || f (e, argv, 0) != argv[0] || f (e, argv, 1) != argv[1]);
| 
|   return ok;
| }
| 
configure:4469: q++ -Ae -c -Vgcc/8.3.0,gcc_ntoaarch64le -std=c++11 -Y_cxx -Wc, -lpthread -D_LITTLE_ENDIAN  conftest.c >&5
/home/yacine/qnx710/host/linux/x86_64/usr/bin/aarch64-unknown-nto-qnx7.1.0-ar: creating e.a
/home/yacine/qnx710/host/linux/x86_64/usr/bin/aarch64-unknown-nto-qnx7.1.0-ar: conftest.c@a: No such file or directory
configure:4469: $? = 1
configure: failed program was:
| /* confdefs.h */
| #define PACKAGE_NAME "asio"
| #define PACKAGE_TARNAME "asio"
| #define PACKAGE_VERSION "1.24.0"
| #define PACKAGE_STRING "asio 1.24.0"
| #define PACKAGE_BUGREPORT ""
| #define PACKAGE_URL ""
| #define PACKAGE "asio"
| #define VERSION "1.24.0"
| /* end confdefs.h.  */
| 
| /* Does the compiler advertise C89 conformance?
|    Do not test the value of __STDC__, because some compilers set it to 0
|    while being otherwise adequately conformant. */
| #if !defined __STDC__
| # error "Compiler does not advertise C89 conformance"
| #endif
| 
| #include <stddef.h>
| #include <stdarg.h>
| struct stat;
| /* Most of the following tests are stolen from RCS 5.7 src/conf.sh.  */
| struct buf { int x; };
| struct buf * (*rcsopen) (struct buf *, struct stat *, int);
| static char *e (p, i)
|      char **p;
|      int i;
| {
|   return p[i];
| }
| static char *f (char * (*g) (char **, int), char **p, ...)
| {
|   char *s;
|   va_list v;
|   va_start (v,p);
|   s = g (p, va_arg (v,int));
|   va_end (v);
|   return s;
| }
| 
| /* OSF 4.0 Compaq cc is some sort of almost-ANSI by default.  It has
|    function prototypes and stuff, but not \xHH hex character constants.
|    These do not provoke an error unfortunately, instead are silently treated
|    as an "x".  The following induces an error, until -std is added to get
|    proper ANSI mode.  Curiously \x00 != x always comes out true, for an
|    array size at least.  It is necessary to write \x00 == 0 to get something
|    that is true only with -std.  */
| int osf4_cc_array ['\x00' == 0 ? 1 : -1];
| 
| /* IBM C 6 for AIX is almost-ANSI by default, but it replaces macro parameters
|    inside strings and character constants.  */
| #define FOO(x) 'x'
| int xlc6_cc_array[FOO(a) == 'x' ? 1 : -1];
| 
| int test (int i, double x);
| struct s1 {int (*f) (int a);};
| struct s2 {int (*f) (double a);};
| int pairnames (int, char **, int *(*)(struct buf *, struct stat *, int),
|                int, int);
| 
| int
| main (int argc, char **argv)
| {
|   int ok = 0;
|   
| ok |= (argc == 0 || f (e, argv, 0) != argv[0] || f (e, argv, 1) != argv[1]);
| 
|   return ok;
| }
| 
configure:4469: q++ -Aa -D_HPUX_SOURCE -c -Vgcc/8.3.0,gcc_ntoaarch64le -std=c++11 -Y_cxx -Wc, -lpthread -D_LITTLE_ENDIAN  conftest.c >&5
/home/yacine/qnx710/host/linux/x86_64/usr/bin/aarch64-unknown-nto-qnx7.1.0-ar: creating a.a
/home/yacine/qnx710/host/linux/x86_64/usr/bin/aarch64-unknown-nto-qnx7.1.0-ar: conftest.c@a: No such file or directory
configure:4469: $? = 1
configure: failed program was:
| /* confdefs.h */
| #define PACKAGE_NAME "asio"
| #define PACKAGE_TARNAME "asio"
| #define PACKAGE_VERSION "1.24.0"
| #define PACKAGE_STRING "asio 1.24.0"
| #define PACKAGE_BUGREPORT ""
| #define PACKAGE_URL ""
| #define PACKAGE "asio"
| #define VERSION "1.24.0"
| /* end confdefs.h.  */
| 
| /* Does the compiler advertise C89 conformance?
|    Do not test the value of __STDC__, because some compilers set it to 0
|    while being otherwise adequately conformant. */
| #if !defined __STDC__
| # error "Compiler does not advertise C89 conformance"
| #endif
| 
| #include <stddef.h>
| #include <stdarg.h>
| struct stat;
| /* Most of the following tests are stolen from RCS 5.7 src/conf.sh.  */
| struct buf { int x; };
| struct buf * (*rcsopen) (struct buf *, struct stat *, int);
| static char *e (p, i)
|      char **p;
|      int i;
| {
|   return p[i];
| }
| static char *f (char * (*g) (char **, int), char **p, ...)
| {
|   char *s;
|   va_list v;
|   va_start (v,p);
|   s = g (p, va_arg (v,int));
|   va_end (v);
|   return s;
| }
| 
| /* OSF 4.0 Compaq cc is some sort of almost-ANSI by default.  It has
|    function prototypes and stuff, but not \xHH hex character constants.
|    These do not provoke an error unfortunately, instead are silently treated
|    as an "x".  The following induces an error, until -std is added to get
|    proper ANSI mode.  Curiously \x00 != x always comes out true, for an
|    array size at least.  It is necessary to write \x00 == 0 to get something
|    that is true only with -std.  */
| int osf4_cc_array ['\x00' == 0 ? 1 : -1];
| 
| /* IBM C 6 for AIX is almost-ANSI by default, but it replaces macro parameters
|    inside strings and character constants.  */
| #define FOO(x) 'x'
| int xlc6_cc_array[FOO(a) == 'x' ? 1 : -1];
| 
| int test (int i, double x);
| struct s1 {int (*f) (int a);};
| struct s2 {int (*f) (double a);};
| int pairnames (int, char **, int *(*)(struct buf *, struct stat *, int),
|                int, int);
| 
| int
| main (int argc, char **argv)
| {
|   int ok = 0;
|   
| ok |= (argc == 0 || f (e, argv, 0) != argv[0] || f (e, argv, 1) != argv[1]);
| 
|   return ok;
| }
| 
configure:4469: q++ -Xc -D__EXTENSIONS__ -c -Vgcc/8.3.0,gcc_ntoaarch64le -std=c++11 -Y_cxx -Wc, -lpthread -D_LITTLE_ENDIAN  conftest.c >&5
conftest.c:25:17: error: 'p' was not declared in this scope
 static char *e (p, i)
                 ^
conftest.c:25:20: error: 'i' was not declared in this scope
 static char *e (p, i)
                    ^
conftest.c:25:21: error: expression list treated as compound expression in initializer [-fpermissive]
 static char *e (p, i)
                     ^
conftest.c:28:1: error: expected unqualified-id before '{' token
 {
 ^
conftest.c: In function 'int main(int, char**)':
conftest.c:66:24: error: cannot convert 'char*' to 'char* (*)(char**, int)'
 ok |= (argc == 0 || f (e, argv, 0) != argv[0] || f (e, argv, 1) != argv[1]);
                        ^
conftest.c:31:26: note:   initializing argument 1 of 'char* f(char* (*)(char**, int), char**, ...)'
 static char *f (char * (*g) (char **, int), char **p, ...)
                 ~~~~~~~~~^~~~~~~~~~~~~~~~~
conftest.c:66:53: error: cannot convert 'char*' to 'char* (*)(char**, int)'
 ok |= (argc == 0 || f (e, argv, 0) != argv[0] || f (e, argv, 1) != argv[1]);
                                                     ^
conftest.c:31:26: note:   initializing argument 1 of 'char* f(char* (*)(char**, int), char**, ...)'
 static char *f (char * (*g) (char **, int), char **p, ...)
                 ~~~~~~~~~^~~~~~~~~~~~~~~~~
configure:4469: $? = 1
configure: failed program was:
| /* confdefs.h */
| #define PACKAGE_NAME "asio"
| #define PACKAGE_TARNAME "asio"
| #define PACKAGE_VERSION "1.24.0"
| #define PACKAGE_STRING "asio 1.24.0"
| #define PACKAGE_BUGREPORT ""
| #define PACKAGE_URL ""
| #define PACKAGE "asio"
| #define VERSION "1.24.0"
| /* end confdefs.h.  */
| 
| /* Does the compiler advertise C89 conformance?
|    Do not test the value of __STDC__, because some compilers set it to 0
|    while being otherwise adequately conformant. */
| #if !defined __STDC__
| # error "Compiler does not advertise C89 conformance"
| #endif
| 
| #include <stddef.h>
| #include <stdarg.h>
| struct stat;
| /* Most of the following tests are stolen from RCS 5.7 src/conf.sh.  */
| struct buf { int x; };
| struct buf * (*rcsopen) (struct buf *, struct stat *, int);
| static char *e (p, i)
|      char **p;
|      int i;
| {
|   return p[i];
| }
| static char *f (char * (*g) (char **, int), char **p, ...)
| {
|   char *s;
|   va_list v;
|   va_start (v,p);
|   s = g (p, va_arg (v,int));
|   va_end (v);
|   return s;
| }
| 
| /* OSF 4.0 Compaq cc is some sort of almost-ANSI by default.  It has
|    function prototypes and stuff, but not \xHH hex character constants.
|    These do not provoke an error unfortunately, instead are silently treated
|    as an "x".  The following induces an error, until -std is added to get
|    proper ANSI mode.  Curiously \x00 != x always comes out true, for an
|    array size at least.  It is necessary to write \x00 == 0 to get something
|    that is true only with -std.  */
| int osf4_cc_array ['\x00' == 0 ? 1 : -1];
| 
| /* IBM C 6 for AIX is almost-ANSI by default, but it replaces macro parameters
|    inside strings and character constants.  */
| #define FOO(x) 'x'
| int xlc6_cc_array[FOO(a) == 'x' ? 1 : -1];
| 
| int test (int i, double x);
| struct s1 {int (*f) (int a);};
| struct s2 {int (*f) (double a);};
| int pairnames (int, char **, int *(*)(struct buf *, struct stat *, int),
|                int, int);
| 
| int
| main (int argc, char **argv)
| {
|   int ok = 0;
|   
| ok |= (argc == 0 || f (e, argv, 0) != argv[0] || f (e, argv, 1) != argv[1]);
| 
|   return ok;
| }
| 
configure:4482: result: unsupported
configure:4511: checking whether q++ understands -c and -o together
configure:4534: q++ -c conftest.c -o conftest2.o
configure:4537: $? = 0
configure:4534: q++ -c conftest.c -o conftest2.o
configure:4537: $? = 0
configure:4549: result: yes
configure:4568: checking dependency style of q++
configure:4680: result: gcc
configure:4716: checking for aarch64-linux-gnu-g++
configure:4751: result: no
configure:4716: checking for aarch64-linux-gnu-c++
configure:4751: result: no
configure:4716: checking for aarch64-linux-gnu-gpp
configure:4751: result: no
configure:4716: checking for aarch64-linux-gnu-aCC
configure:4751: result: no
configure:4716: checking for aarch64-linux-gnu-CC
configure:4751: result: no
configure:4716: checking for aarch64-linux-gnu-cxx
configure:4751: result: no
configure:4716: checking for aarch64-linux-gnu-cc++
configure:4751: result: no
configure:4716: checking for aarch64-linux-gnu-cl.exe
configure:4751: result: no
configure:4716: checking for aarch64-linux-gnu-FCC
configure:4751: result: no
configure:4716: checking for aarch64-linux-gnu-KCC
configure:4751: result: no
configure:4716: checking for aarch64-linux-gnu-RCC
configure:4751: result: no
configure:4716: checking for aarch64-linux-gnu-xlC_r
configure:4751: result: no
configure:4716: checking for aarch64-linux-gnu-xlC
configure:4751: result: no
configure:4716: checking for aarch64-linux-gnu-clang++
configure:4751: result: no
configure:4765: checking for g++
configure:4786: found /usr/bin/g++
configure:4797: result: g++
configure:4813: WARNING: using cross tools not prefixed with host triplet
configure:4824: checking for C++ compiler version
configure:4833: g++ --version >&5
g++ (Ubuntu 9.4.0-1ubuntu1~20.04.1) 9.4.0
Copyright (C) 2019 Free Software Foundation, Inc.
This is free software; see the source for copying conditions.  There is NO
warranty; not even for MERCHANTABILITY or FITNESS FOR A PARTICULAR PURPOSE.

configure:4844: $? = 0
configure:4833: g++ -v >&5
Using built-in specs.
COLLECT_GCC=g++
COLLECT_LTO_WRAPPER=/usr/lib/gcc/x86_64-linux-gnu/9/lto-wrapper
OFFLOAD_TARGET_NAMES=nvptx-none:hsa
OFFLOAD_TARGET_DEFAULT=1
Target: x86_64-linux-gnu
Configured with: ../src/configure -v --with-pkgversion='Ubuntu 9.4.0-1ubuntu1~20.04.1' --with-bugurl=file:///usr/share/doc/gcc-9/README.Bugs --enable-languages=c,ada,c++,go,brig,d,fortran,objc,obj-c++,gm2 --prefix=/usr --with-gcc-major-version-only --program-suffix=-9 --program-prefix=x86_64-linux-gnu- --enable-shared --enable-linker-build-id --libexecdir=/usr/lib --without-included-gettext --enable-threads=posix --libdir=/usr/lib --enable-nls --enable-clocale=gnu --enable-libstdcxx-debug --enable-libstdcxx-time=yes --with-default-libstdcxx-abi=new --enable-gnu-unique-object --disable-vtable-verify --enable-plugin --enable-default-pie --with-system-zlib --with-target-system-zlib=auto --enable-objc-gc=auto --enable-multiarch --disable-werror --with-arch-32=i686 --with-abi=m64 --with-multilib-list=m32,m64,mx32 --enable-multilib --with-tune=generic --enable-offload-targets=nvptx-none=/build/gcc-9-Av3uEd/gcc-9-9.4.0/debian/tmp-nvptx/usr,hsa --without-cuda-driver --enable-checking=release --build=x86_64-linux-gnu --host=x86_64-linux-gnu --target=x86_64-linux-gnu
Thread model: posix
gcc version 9.4.0 (Ubuntu 9.4.0-1ubuntu1~20.04.1) 
configure:4844: $? = 0
configure:4833: g++ -V >&5
g++: error: unrecognized command line option '-V'
g++: fatal error: no input files
compilation terminated.
configure:4844: $? = 1
configure:4833: g++ -qversion >&5
g++: error: unrecognized command line option '-qversion'; did you mean '--version'?
g++: fatal error: no input files
compilation terminated.
configure:4844: $? = 1
configure:4848: checking whether the compiler supports GNU C++
configure:4868: g++ -c   conftest.cpp >&5
configure:4868: $? = 0
configure:4878: result: yes
configure:4889: checking whether g++ accepts -g
configure:4910: g++ -c -g  conftest.cpp >&5
configure:4910: $? = 0
configure:4954: result: yes
configure:4974: checking for g++ option to enable C++11 features
configure:4989: g++  -c -g -O2  conftest.cpp >&5
configure:4989: $? = 0
configure:5007: result: none needed
configure:5073: checking dependency style of g++
configure:5185: result: gcc3
configure:5209: checking for aarch64-linux-gnu-ranlib
configure:5244: result: no
configure:5254: checking for ranlib
configure:5275: found /usr/bin/ranlib
configure:5286: result: ranlib
configure:5426: checking for openssl/ssl.h
configure:5426: g++ -c -g -O2  conftest.cpp >&5
configure:5426: $? = 0
configure:5426: result: yes
configure:5513: checking whether C++11 is enabled
configure:5528: g++ -c -g -O2 -pthread -ftemplate-depth-256  -DASIO_STANDALONE conftest.cpp >&5
configure:5528: $? = 0
configure:5530: result: yes
configure:5540: checking whether C++14 is enabled
configure:5560: g++ -c -g -O2 -pthread -ftemplate-depth-256  -DASIO_STANDALONE conftest.cpp >&5
configure:5560: $? = 0
configure:5562: result: yes
configure:5572: checking whether C++17 is enabled
configure:5587: g++ -c -g -O2 -pthread -ftemplate-depth-256  -DASIO_STANDALONE conftest.cpp >&5
conftest.cpp:13:6: error: #error C++17 not available
   13 |     #error C++17 not available
      |      ^~~~~
configure:5587: $? = 1
configure: failed program was:
| /* confdefs.h */
| #define PACKAGE_NAME "asio"
| #define PACKAGE_TARNAME "asio"
| #define PACKAGE_VERSION "1.24.0"
| #define PACKAGE_STRING "asio 1.24.0"
| #define PACKAGE_BUGREPORT ""
| #define PACKAGE_URL ""
| #define PACKAGE "asio"
| #define VERSION "1.24.0"
| #define _REENTRANT 1
| /* end confdefs.h.  */
| #if __cplusplus < 201703L
|     #error C++17 not available
|     #endif
| int
| main (void)
| {
| 
|   ;
|   return 0;
| }
configure:5593: result: no
configure:5599: checking whether C++20 is enabled
configure:5614: g++ -c -g -O2 -pthread -ftemplate-depth-256  -DASIO_STANDALONE conftest.cpp >&5
conftest.cpp:13:6: error: #error C++20 not available
   13 |     #error C++20 not available
      |      ^~~~~
configure:5614: $? = 1
configure: failed program was:
| /* confdefs.h */
| #define PACKAGE_NAME "asio"
| #define PACKAGE_TARNAME "asio"
| #define PACKAGE_VERSION "1.24.0"
| #define PACKAGE_STRING "asio 1.24.0"
| #define PACKAGE_BUGREPORT ""
| #define PACKAGE_URL ""
| #define PACKAGE "asio"
| #define VERSION "1.24.0"
| #define _REENTRANT 1
| /* end confdefs.h.  */
| #if __cplusplus < 202002L
|     #error C++20 not available
|     #endif
| int
| main (void)
| {
| 
|   ;
|   return 0;
| }
configure:5620: result: no
configure:5626: checking whether coroutines are enabled
configure:5654: g++ -c -g -O2 -pthread -ftemplate-depth-256  -DASIO_STANDALONE conftest.cpp >&5
conftest.cpp:26:7: error: #error coroutines not available
   26 |     # error coroutines not available
      |       ^~~~~
configure:5654: $? = 1
configure: failed program was:
| /* confdefs.h */
| #define PACKAGE_NAME "asio"
| #define PACKAGE_TARNAME "asio"
| #define PACKAGE_VERSION "1.24.0"
| #define PACKAGE_STRING "asio 1.24.0"
| #define PACKAGE_BUGREPORT ""
| #define PACKAGE_URL ""
| #define PACKAGE "asio"
| #define VERSION "1.24.0"
| #define _REENTRANT 1
| /* end confdefs.h.  */
| #if defined(__clang__)
|     # if (__cplusplus >= 201703) && (__cpp_coroutines >= 201703)
|     #  if __has_include(<experimental/coroutine>)
|     #   define ASIO_HAS_CO_AWAIT 1
|     #  endif
|     # endif
|     #elif defined(__GNUC__)
|     # if (__cplusplus >= 201709) && (__cpp_impl_coroutine >= 201902)
|     #  if __has_include(<coroutine>)
|     #   define ASIO_HAS_CO_AWAIT 1
|     #  endif
|     # endif
|     #endif
|     #ifndef ASIO_HAS_CO_AWAIT
|     # error coroutines not available
|     #endif
| int
| main (void)
| {
| 
|   ;
|   return 0;
| }
configure:5660: result: no
configure:5902: checking that generated files are newer than configure
configure:5908: result: done
configure:5975: creating ./config.status

## ---------------------- ##
## Running config.status. ##
## ---------------------- ##

This file was extended by asio config.status 1.24.0, which was
generated by GNU Autoconf 2.71.  Invocation command line was

  CONFIG_FILES    = 
  CONFIG_HEADERS  = 
  CONFIG_LINKS    = 
  CONFIG_COMMANDS = 
  $ ./config.status 

on dell

config.status:814: creating asio.pc
config.status:814: creating Makefile
config.status:814: creating include/Makefile
config.status:814: creating src/Makefile
config.status:814: creating src/tests/Makefile
config.status:814: creating src/tests/properties/Makefile
config.status:814: creating src/examples/cpp03/Makefile
config.status:814: creating src/examples/cpp11/Makefile
config.status:814: creating src/examples/cpp14/Makefile
config.status:814: creating src/examples/cpp17/Makefile
config.status:814: creating src/examples/cpp20/Makefile
config.status:971: executing depfiles commands
config.status:1048: cd src/tests       && sed -e '/# am--include-marker/d' Makefile         | make -f - am--depfiles
make: Nothing to be done for 'am--depfiles'.
config.status:1053: $? = 0
config.status:1048: cd src/tests/properties       && sed -e '/# am--include-marker/d' Makefile         | make -f - am--depfiles
make: Nothing to be done for 'am--depfiles'.
config.status:1053: $? = 0
config.status:1048: cd src/examples/cpp03       && sed -e '/# am--include-marker/d' Makefile         | make -f - am--depfiles
make: Nothing to be done for 'am--depfiles'.
config.status:1053: $? = 0
config.status:1048: cd src/examples/cpp11       && sed -e '/# am--include-marker/d' Makefile         | make -f - am--depfiles
make: Nothing to be done for 'am--depfiles'.
config.status:1053: $? = 0
config.status:1048: cd src/examples/cpp14       && sed -e '/# am--include-marker/d' Makefile         | make -f - am--depfiles
make: Nothing to be done for 'am--depfiles'.
config.status:1053: $? = 0
config.status:1048: cd src/examples/cpp17       && sed -e '/# am--include-marker/d' Makefile         | make -f - am--depfiles
make: Nothing to be done for 'am--depfiles'.
config.status:1053: $? = 0
config.status:1048: cd src/examples/cpp20       && sed -e '/# am--include-marker/d' Makefile         | make -f - am--depfiles
make: Nothing to be done for 'am--depfiles'.
config.status:1053: $? = 0

## ---------------- ##
## Cache variables. ##
## ---------------- ##

ac_cv_build=x86_64-pc-linux-gnu
ac_cv_c_compiler_gnu=yes
ac_cv_cxx_compiler_gnu=yes
ac_cv_env_CCC_set=
ac_cv_env_CCC_value=
ac_cv_env_CC_set=set
ac_cv_env_CC_value=q++
ac_cv_env_CFLAGS_set=set
ac_cv_env_CFLAGS_value='-Vgcc/8.3.0,gcc_ntoaarch64le -std=c++11 -Y_cxx -Wc, -lpthread -D_LITTLE_ENDIAN'
ac_cv_env_CPPFLAGS_set=
ac_cv_env_CPPFLAGS_value=
ac_cv_env_CXXFLAGS_set=
ac_cv_env_CXXFLAGS_value=
ac_cv_env_CXX_set=
ac_cv_env_CXX_value=
ac_cv_env_LDFLAGS_set=
ac_cv_env_LDFLAGS_value=
ac_cv_env_LIBS_set=
ac_cv_env_LIBS_value=
ac_cv_env_build_alias_set=
ac_cv_env_build_alias_value=
ac_cv_env_host_alias_set=set
ac_cv_env_host_alias_value=aarch64-linux-gnu
ac_cv_env_target_alias_set=
ac_cv_env_target_alias_value=
ac_cv_header_openssl_ssl_h=yes
ac_cv_host=aarch64-unknown-linux-gnu
ac_cv_objext=o
ac_cv_path_install='/usr/bin/install -c'
ac_cv_path_mkdir=/usr/bin/mkdir
ac_cv_prog_AWK=gawk
ac_cv_prog_CC=q++
ac_cv_prog_ac_ct_CXX=g++
ac_cv_prog_ac_ct_RANLIB=ranlib
ac_cv_prog_ac_ct_STRIP=strip
ac_cv_prog_cc_c11=no
ac_cv_prog_cc_c89=no
ac_cv_prog_cc_c99=no
ac_cv_prog_cc_g=yes
ac_cv_prog_cxx_11=no
ac_cv_prog_cxx_cxx11=
ac_cv_prog_cxx_g=yes
ac_cv_prog_cxx_stdcxx=
ac_cv_prog_make_make_set=yes
am_cv_CC_dependencies_compiler_type=gcc
am_cv_CXX_dependencies_compiler_type=gcc3
am_cv_make_support_nested_variables=yes
am_cv_prog_cc_c_o=yes
am_cv_prog_tar_ustar=gnutar

## ----------------- ##
## Output variables. ##
## ----------------- ##

ACLOCAL='${SHELL} '\''/home/yacine/zero/asio-1.24.0/missing'\'' aclocal-1.16'
AMDEPBACKSLASH='\'
AMDEP_FALSE='#'
AMDEP_TRUE=''
AMTAR='$${TAR-tar}'
AM_BACKSLASH='\'
AM_DEFAULT_V='$(AM_DEFAULT_VERBOSITY)'
AM_DEFAULT_VERBOSITY='1'
AM_V='$(V)'
AUTOCONF='${SHELL} '\''/home/yacine/zero/asio-1.24.0/missing'\'' autoconf'
AUTOHEADER='${SHELL} '\''/home/yacine/zero/asio-1.24.0/missing'\'' autoheader'
AUTOMAKE='${SHELL} '\''/home/yacine/zero/asio-1.24.0/missing'\'' automake-1.16'
AWK='gawk'
CC='q++'
CCDEPMODE='depmode=gcc'
CFLAGS='-Vgcc/8.3.0,gcc_ntoaarch64le -std=c++11 -Y_cxx -Wc, -lpthread -D_LITTLE_ENDIAN'
CPPFLAGS=' -DASIO_STANDALONE'
CSCOPE='cscope'
CTAGS='ctags'
CXX='g++'
CXXDEPMODE='depmode=gcc3'
CXXFLAGS='-g -O2 -pthread -ftemplate-depth-256'
CYGPATH_W='echo'
DEFS='-DPACKAGE_NAME=\"asio\" -DPACKAGE_TARNAME=\"asio\" -DPACKAGE_VERSION=\"1.24.0\" -DPACKAGE_STRING=\"asio\ 1.24.0\" -DPACKAGE_BUGREPORT=\"\" -DPACKAGE_URL=\"\" -DPACKAGE=\"asio\" -DVERSION=\"1.24.0\" -D_REENTRANT=1'
DEPDIR='.deps'
ECHO_C=''
ECHO_N='-n'
ECHO_T=''
ETAGS='etags'
EXEEXT=''
HAVE_BOOST_COROUTINE_FALSE=''
HAVE_BOOST_COROUTINE_TRUE='#'
HAVE_COROUTINES_FALSE=''
HAVE_COROUTINES_TRUE='#'
HAVE_CXX11_FALSE='#'
HAVE_CXX11_TRUE=''
HAVE_CXX14_FALSE='#'
HAVE_CXX14_TRUE=''
HAVE_CXX17_FALSE=''
HAVE_CXX17_TRUE='#'
HAVE_CXX20_FALSE=''
HAVE_CXX20_TRUE='#'
HAVE_OPENSSL_FALSE='#'
HAVE_OPENSSL_TRUE=''
INSTALL_DATA='${INSTALL} -m 644'
INSTALL_PROGRAM='${INSTALL}'
INSTALL_SCRIPT='${INSTALL}'
INSTALL_STRIP_PROGRAM='$(install_sh) -c -s'
LDFLAGS=' -pthread'
LIBOBJS=''
LIBS=' -lssl -lcrypto -lrt'
LTLIBOBJS=''
MAINT='#'
MAINTAINER_MODE_FALSE=''
MAINTAINER_MODE_TRUE='#'
MAKEINFO='${SHELL} '\''/home/yacine/zero/asio-1.24.0/missing'\'' makeinfo'
MKDIR_P='/usr/bin/mkdir -p'
OBJEXT='o'
PACKAGE='asio'
PACKAGE_BUGREPORT=''
PACKAGE_NAME='asio'
PACKAGE_STRING='asio 1.24.0'
PACKAGE_TARNAME='asio'
PACKAGE_URL=''
PACKAGE_VERSION='1.24.0'
PATH_SEPARATOR=':'
RANLIB='ranlib'
SEPARATE_COMPILATION_FALSE=''
SEPARATE_COMPILATION_TRUE='#'
SET_MAKE=''
SHELL='/bin/bash'
STANDALONE_FALSE='#'
STANDALONE_TRUE=''
STRIP='strip'
VERSION='1.24.0'
WINDOWS_TARGET_FALSE=''
WINDOWS_TARGET_TRUE='#'
ac_ct_CC=''
ac_ct_CXX='g++'
am__EXEEXT_FALSE=''
am__EXEEXT_TRUE='#'
am__fastdepCC_FALSE=''
am__fastdepCC_TRUE='#'
am__fastdepCXX_FALSE='#'
am__fastdepCXX_TRUE=''
am__include='include'
am__isrc=' -I$(srcdir)'
am__leading_dot='.'
am__nodep='_no'
am__quote=''
am__tar='tar --format=ustar -chf - "$$tardir"'
am__untar='tar -xf -'
bindir='${exec_prefix}/bin'
build='x86_64-pc-linux-gnu'
build_alias=''
build_cpu='x86_64'
build_os='linux-gnu'
build_vendor='pc'
datadir='${datarootdir}'
datarootdir='${prefix}/share'
docdir='${datarootdir}/doc/${PACKAGE_TARNAME}'
dvidir='${docdir}'
exec_prefix='${prefix}'
host='aarch64-unknown-linux-gnu'
host_alias='aarch64-linux-gnu'
host_cpu='aarch64'
host_os='linux-gnu'
host_vendor='unknown'
htmldir='${docdir}'
includedir='/home/yacine/qnx710/target/qnx7/aarch64le/include'
infodir='${datarootdir}/info'
install_sh='${SHELL} /home/yacine/zero/asio-1.24.0/install-sh'
libdir='${exec_prefix}/lib'
libexecdir='${exec_prefix}/libexec'
localedir='${datarootdir}/locale'
localstatedir='${prefix}/var'
mandir='${datarootdir}/man'
mkdir_p='$(MKDIR_P)'
oldincludedir='/usr/include'
pdfdir='${docdir}'
pkgconfigdir='${libdir}/pkgconfig'
prefix='/home/yacine/zero/install'
program_transform_name='s,x,x,'
psdir='${docdir}'
runstatedir='${localstatedir}/run'
sbindir='${exec_prefix}/sbin'
sharedstatedir='${prefix}/com'
sysconfdir='${prefix}/etc'
target_alias=''

## ----------- ##
## confdefs.h. ##
## ----------- ##

/* confdefs.h */
#define PACKAGE_NAME "asio"
#define PACKAGE_TARNAME "asio"
#define PACKAGE_VERSION "1.24.0"
#define PACKAGE_STRING "asio 1.24.0"
#define PACKAGE_BUGREPORT ""
#define PACKAGE_URL ""
#define PACKAGE "asio"
#define VERSION "1.24.0"
#define _REENTRANT 1

configure: exit 0
